ERROR - 2022-06-02 11:43:10 --> Error connecting to the database: Login failed for user 'conexion'.
CRITICAL - 2022-06-02 11:43:10 --> Unable to connect to the database.
Main connection [SQLsrv]: Login failed for user 'conexion'.
#0 C:\xampp\htdocs\red\system\Database\BaseConnection.php(577): CodeIgniter\Database\BaseConnection->initialize()
#1 C:\xampp\htdocs\red\system\Database\SQLSRV\Builder.php(614): CodeIgniter\Database\BaseConnection->query('SELECT "RDA_ID"...', Array, false)
#2 C:\xampp\htdocs\red\app\Models\RedModel.php(37): CodeIgniter\Database\SQLSRV\Builder->get()
#3 C:\xampp\htdocs\red\app\Controllers\Red.php(14): App\Models\RedModel->getDepartamentos()
#4 C:\xampp\htdocs\red\system\CodeIgniter.php(832): App\Controllers\Red->index()
#5 C:\xampp\htdocs\red\system\CodeIgniter.php(419): CodeIgniter\CodeIgniter->runController(Object(App\Controllers\Red))
#6 C:\xampp\htdocs\red\system\CodeIgniter.php(326): CodeIgniter\CodeIgniter->handleRequest(NULL, Object(Config\Cache), false)
#7 C:\xampp\htdocs\red\index.php(37): CodeIgniter\CodeIgniter->run()
#8 {main}
ERROR - 2022-06-02 11:45:11 --> Error connecting to the database: . 
Login timeout expired
A network-related or instance-specific error has occurred while establishing a connection to SQL Server. Server is not found or not accessible. Check if instance name is correct and if SQL Server is configured to allow remote connections. For more information see SQL Server Books Online.
CRITICAL - 2022-06-02 11:45:11 --> Unable to connect to the database.
Main connection [SQLsrv]: . 
Login timeout expired
A network-related or instance-specific error has occurred while establishing a connection to SQL Server. Server is not found or not accessible. Check if instance name is correct and if SQL Server is configured to allow remote connections. For more information see SQL Server Books Online.
#0 C:\xampp\htdocs\red\system\Database\BaseConnection.php(577): CodeIgniter\Database\BaseConnection->initialize()
#1 C:\xampp\htdocs\red\system\Database\SQLSRV\Builder.php(614): CodeIgniter\Database\BaseConnection->query('SELECT "RDA_ID"...', Array, false)
#2 C:\xampp\htdocs\red\app\Models\RedModel.php(37): CodeIgniter\Database\SQLSRV\Builder->get()
#3 C:\xampp\htdocs\red\app\Controllers\Red.php(14): App\Models\RedModel->getDepartamentos()
#4 C:\xampp\htdocs\red\system\CodeIgniter.php(832): App\Controllers\Red->index()
#5 C:\xampp\htdocs\red\system\CodeIgniter.php(419): CodeIgniter\CodeIgniter->runController(Object(App\Controllers\Red))
#6 C:\xampp\htdocs\red\system\CodeIgniter.php(326): CodeIgniter\CodeIgniter->handleRequest(NULL, Object(Config\Cache), false)
#7 C:\xampp\htdocs\red\index.php(37): CodeIgniter\CodeIgniter->run()
#8 {main}
ERROR - 2022-06-02 11:45:43 --> Error connecting to the database: Login failed for user 'conexion'.
CRITICAL - 2022-06-02 11:45:44 --> Unable to connect to the database.
Main connection [SQLsrv]: Login failed for user 'conexion'.
#0 C:\xampp\htdocs\red\system\Database\BaseConnection.php(577): CodeIgniter\Database\BaseConnection->initialize()
#1 C:\xampp\htdocs\red\system\Database\SQLSRV\Builder.php(614): CodeIgniter\Database\BaseConnection->query('SELECT "RDA_ID"...', Array, false)
#2 C:\xampp\htdocs\red\app\Models\RedModel.php(37): CodeIgniter\Database\SQLSRV\Builder->get()
#3 C:\xampp\htdocs\red\app\Controllers\Red.php(14): App\Models\RedModel->getDepartamentos()
#4 C:\xampp\htdocs\red\system\CodeIgniter.php(832): App\Controllers\Red->index()
#5 C:\xampp\htdocs\red\system\CodeIgniter.php(419): CodeIgniter\CodeIgniter->runController(Object(App\Controllers\Red))
#6 C:\xampp\htdocs\red\system\CodeIgniter.php(326): CodeIgniter\CodeIgniter->handleRequest(NULL, Object(Config\Cache), false)
#7 C:\xampp\htdocs\red\index.php(37): CodeIgniter\CodeIgniter->run()
#8 {main}
ERROR - 2022-06-02 11:52:49 --> Error connecting to the database: Login failed for user 'conexion'.
Cannot open database "ADMINISTRATIVA" requested by the login. The login failed.
CRITICAL - 2022-06-02 11:52:49 --> Unable to connect to the database.
Main connection [SQLsrv]: Login failed for user 'conexion'.
Cannot open database "ADMINISTRATIVA" requested by the login. The login failed.
#0 C:\xampp\htdocs\red\system\Database\BaseConnection.php(577): CodeIgniter\Database\BaseConnection->initialize()
#1 C:\xampp\htdocs\red\system\Database\SQLSRV\Builder.php(614): CodeIgniter\Database\BaseConnection->query('SELECT "RDA_ID"...', Array, false)
#2 C:\xampp\htdocs\red\app\Models\RedModel.php(37): CodeIgniter\Database\SQLSRV\Builder->get()
#3 C:\xampp\htdocs\red\app\Controllers\Red.php(14): App\Models\RedModel->getDepartamentos()
#4 C:\xampp\htdocs\red\system\CodeIgniter.php(832): App\Controllers\Red->index()
#5 C:\xampp\htdocs\red\system\CodeIgniter.php(419): CodeIgniter\CodeIgniter->runController(Object(App\Controllers\Red))
#6 C:\xampp\htdocs\red\system\CodeIgniter.php(326): CodeIgniter\CodeIgniter->handleRequest(NULL, Object(Config\Cache), false)
#7 C:\xampp\htdocs\red\index.php(37): CodeIgniter\CodeIgniter->run()
#8 {main}
ERROR - 2022-06-02 11:53:08 --> Error connecting to the database: Login failed for user 'conexion'.
Cannot open database "ADMINISTRATIVA" requested by the login. The login failed.
CRITICAL - 2022-06-02 11:53:08 --> Unable to connect to the database.
Main connection [SQLsrv]: Login failed for user 'conexion'.
Cannot open database "ADMINISTRATIVA" requested by the login. The login failed.
#0 C:\xampp\htdocs\red\system\Database\BaseConnection.php(577): CodeIgniter\Database\BaseConnection->initialize()
#1 C:\xampp\htdocs\red\system\Database\SQLSRV\Builder.php(614): CodeIgniter\Database\BaseConnection->query('SELECT "RDA_ID"...', Array, false)
#2 C:\xampp\htdocs\red\app\Models\RedModel.php(37): CodeIgniter\Database\SQLSRV\Builder->get()
#3 C:\xampp\htdocs\red\app\Controllers\Red.php(14): App\Models\RedModel->getDepartamentos()
#4 C:\xampp\htdocs\red\system\CodeIgniter.php(832): App\Controllers\Red->index()
#5 C:\xampp\htdocs\red\system\CodeIgniter.php(419): CodeIgniter\CodeIgniter->runController(Object(App\Controllers\Red))
#6 C:\xampp\htdocs\red\system\CodeIgniter.php(326): CodeIgniter\CodeIgniter->handleRequest(NULL, Object(Config\Cache), false)
#7 C:\xampp\htdocs\red\index.php(37): CodeIgniter\CodeIgniter->run()
#8 {main}
ERROR - 2022-06-02 14:08:52 --> [Microsoft][ODBC Driver 17 for SQL Server][SQL Server]Invalid object name 'BDECOOPSOS.dbo.RDA_RED_DEPARTAMENTO_ADM'.
CRITICAL - 2022-06-02 14:08:52 --> [Microsoft][ODBC Driver 17 for SQL Server][SQL Server]Invalid object name 'BDECOOPSOS.dbo.RDA_RED_DEPARTAMENTO_ADM'.
#0 C:\xampp\htdocs\red\system\Database\BaseConnection.php(670): CodeIgniter\Database\SQLSRV\Connection->execute('SELECT "RDA_ID"...')
#1 C:\xampp\htdocs\red\system\Database\BaseConnection.php(598): CodeIgniter\Database\BaseConnection->simpleQuery('SELECT "RDA_ID"...')
#2 C:\xampp\htdocs\red\system\Database\SQLSRV\Builder.php(614): CodeIgniter\Database\BaseConnection->query('SELECT "RDA_ID"...', Array, false)
#3 C:\xampp\htdocs\red\app\Models\RedModel.php(37): CodeIgniter\Database\SQLSRV\Builder->get()
#4 C:\xampp\htdocs\red\app\Controllers\Red.php(14): App\Models\RedModel->getDepartamentos()
#5 C:\xampp\htdocs\red\system\CodeIgniter.php(832): App\Controllers\Red->index()
#6 C:\xampp\htdocs\red\system\CodeIgniter.php(419): CodeIgniter\CodeIgniter->runController(Object(App\Controllers\Red))
#7 C:\xampp\htdocs\red\system\CodeIgniter.php(326): CodeIgniter\CodeIgniter->handleRequest(NULL, Object(Config\Cache), false)
#8 C:\xampp\htdocs\red\index.php(37): CodeIgniter\CodeIgniter->run()
#9 {main}
CRITICAL - 2022-06-02 14:22:32 --> syntax error, unexpected '->' (T_OBJECT_OPERATOR)
#0 C:\xampp\htdocs\red\system\Autoloader\Autoloader.php(241): CodeIgniter\Autoloader\Autoloader->includeFile('C:\\xampp\\htdocs...')
#1 C:\xampp\htdocs\red\system\Autoloader\Autoloader.php(219): CodeIgniter\Autoloader\Autoloader->loadInNamespace('App\\Models\\RedM...')
#2 [internal function]: CodeIgniter\Autoloader\Autoloader->loadClass('App\\Models\\RedM...')
#3 C:\xampp\htdocs\red\app\Controllers\Red.php(13): spl_autoload_call('App\\Models\\RedM...')
#4 C:\xampp\htdocs\red\system\CodeIgniter.php(832): App\Controllers\Red->index()
#5 C:\xampp\htdocs\red\system\CodeIgniter.php(419): CodeIgniter\CodeIgniter->runController(Object(App\Controllers\Red))
#6 C:\xampp\htdocs\red\system\CodeIgniter.php(326): CodeIgniter\CodeIgniter->handleRequest(NULL, Object(Config\Cache), false)
#7 C:\xampp\htdocs\red\index.php(37): CodeIgniter\CodeIgniter->run()
#8 {main}
ERROR - 2022-06-02 14:22:43 --> [Microsoft][ODBC Driver 17 for SQL Server][SQL Server]Column 'BDECOOPSOS.dbo.DepMun.DesDep' is invalid in the select list because it is not contained in either an aggregate function or the GROUP BY clause.
CRITICAL - 2022-06-02 14:22:43 --> [Microsoft][ODBC Driver 17 for SQL Server][SQL Server]Column 'BDECOOPSOS.dbo.DepMun.DesDep' is invalid in the select list because it is not contained in either an aggregate function or the GROUP BY clause.
#0 C:\xampp\htdocs\red\system\Database\BaseConnection.php(670): CodeIgniter\Database\SQLSRV\Connection->execute('SELECT "CodDEP"...')
#1 C:\xampp\htdocs\red\system\Database\BaseConnection.php(598): CodeIgniter\Database\BaseConnection->simpleQuery('SELECT "CodDEP"...')
#2 C:\xampp\htdocs\red\system\Database\SQLSRV\Builder.php(614): CodeIgniter\Database\BaseConnection->query('SELECT "CodDEP"...', Array, false)
#3 C:\xampp\htdocs\red\app\Models\RedModel.php(40): CodeIgniter\Database\SQLSRV\Builder->get()
#4 C:\xampp\htdocs\red\app\Controllers\Red.php(14): App\Models\RedModel->getDepartamentos()
#5 C:\xampp\htdocs\red\system\CodeIgniter.php(832): App\Controllers\Red->index()
#6 C:\xampp\htdocs\red\system\CodeIgniter.php(419): CodeIgniter\CodeIgniter->runController(Object(App\Controllers\Red))
#7 C:\xampp\htdocs\red\system\CodeIgniter.php(326): CodeIgniter\CodeIgniter->handleRequest(NULL, Object(Config\Cache), false)
#8 C:\xampp\htdocs\red\index.php(37): CodeIgniter\CodeIgniter->run()
#9 {main}
ERROR - 2022-06-02 14:23:20 --> [Microsoft][ODBC Driver 17 for SQL Server][SQL Server]Column 'BDECOOPSOS.dbo.DepMun.DesDep' is invalid in the select list because it is not contained in either an aggregate function or the GROUP BY clause.
CRITICAL - 2022-06-02 14:23:20 --> [Microsoft][ODBC Driver 17 for SQL Server][SQL Server]Column 'BDECOOPSOS.dbo.DepMun.DesDep' is invalid in the select list because it is not contained in either an aggregate function or the GROUP BY clause.
#0 C:\xampp\htdocs\red\system\Database\BaseConnection.php(670): CodeIgniter\Database\SQLSRV\Connection->execute('SELECT "CodDEP"...')
#1 C:\xampp\htdocs\red\system\Database\BaseConnection.php(598): CodeIgniter\Database\BaseConnection->simpleQuery('SELECT "CodDEP"...')
#2 C:\xampp\htdocs\red\system\Database\SQLSRV\Builder.php(614): CodeIgniter\Database\BaseConnection->query('SELECT "CodDEP"...', Array, false)
#3 C:\xampp\htdocs\red\app\Models\RedModel.php(40): CodeIgniter\Database\SQLSRV\Builder->get()
#4 C:\xampp\htdocs\red\app\Controllers\Red.php(14): App\Models\RedModel->getDepartamentos()
#5 C:\xampp\htdocs\red\system\CodeIgniter.php(832): App\Controllers\Red->index()
#6 C:\xampp\htdocs\red\system\CodeIgniter.php(419): CodeIgniter\CodeIgniter->runController(Object(App\Controllers\Red))
#7 C:\xampp\htdocs\red\system\CodeIgniter.php(326): CodeIgniter\CodeIgniter->handleRequest(NULL, Object(Config\Cache), false)
#8 C:\xampp\htdocs\red\index.php(37): CodeIgniter\CodeIgniter->run()
#9 {main}
ERROR - 2022-06-02 14:24:17 --> [Microsoft][ODBC Driver 17 for SQL Server][SQL Server]Column 'BDECOOPSOS.dbo.DepMun.DesDep' is invalid in the select list because it is not contained in either an aggregate function or the GROUP BY clause.
CRITICAL - 2022-06-02 14:24:17 --> [Microsoft][ODBC Driver 17 for SQL Server][SQL Server]Column 'BDECOOPSOS.dbo.DepMun.DesDep' is invalid in the select list because it is not contained in either an aggregate function or the GROUP BY clause.
#0 C:\xampp\htdocs\red\system\Database\BaseConnection.php(670): CodeIgniter\Database\SQLSRV\Connection->execute('SELECT "CodDEP"...')
#1 C:\xampp\htdocs\red\system\Database\BaseConnection.php(598): CodeIgniter\Database\BaseConnection->simpleQuery('SELECT "CodDEP"...')
#2 C:\xampp\htdocs\red\system\Database\SQLSRV\Builder.php(614): CodeIgniter\Database\BaseConnection->query('SELECT "CodDEP"...', Array, false)
#3 C:\xampp\htdocs\red\app\Models\RedModel.php(40): CodeIgniter\Database\SQLSRV\Builder->get()
#4 C:\xampp\htdocs\red\app\Controllers\Red.php(14): App\Models\RedModel->getDepartamentos()
#5 C:\xampp\htdocs\red\system\CodeIgniter.php(832): App\Controllers\Red->index()
#6 C:\xampp\htdocs\red\system\CodeIgniter.php(419): CodeIgniter\CodeIgniter->runController(Object(App\Controllers\Red))
#7 C:\xampp\htdocs\red\system\CodeIgniter.php(326): CodeIgniter\CodeIgniter->handleRequest(NULL, Object(Config\Cache), false)
#8 C:\xampp\htdocs\red\index.php(37): CodeIgniter\CodeIgniter->run()
#9 {main}
CRITICAL - 2022-06-02 14:24:33 --> Undefined index: RDA_ID
#0 C:\xampp\htdocs\red\app\Views\red\home.php(41): CodeIgniter\Debug\Exceptions->errorHandler(8, 'Undefined index...', 'C:\\xampp\\htdocs...', 41, Array)
#1 C:\xampp\htdocs\red\system\View\View.php(210): include('C:\\xampp\\htdocs...')
#2 C:\xampp\htdocs\red\system\View\View.php(213): CodeIgniter\View\View->CodeIgniter\View\{closure}()
#3 C:\xampp\htdocs\red\system\Common.php(1089): CodeIgniter\View\View->render('red/home', Array, true)
#4 C:\xampp\htdocs\red\app\Controllers\Red.php(15): view('red/home', Array)
#5 C:\xampp\htdocs\red\system\CodeIgniter.php(832): App\Controllers\Red->index()
#6 C:\xampp\htdocs\red\system\CodeIgniter.php(419): CodeIgniter\CodeIgniter->runController(Object(App\Controllers\Red))
#7 C:\xampp\htdocs\red\system\CodeIgniter.php(326): CodeIgniter\CodeIgniter->handleRequest(NULL, Object(Config\Cache), false)
#8 C:\xampp\htdocs\red\index.php(37): CodeIgniter\CodeIgniter->run()
#9 {main}
ERROR - 2022-06-02 14:24:54 --> [Microsoft][ODBC Driver 17 for SQL Server][SQL Server]Column 'BDECOOPSOS.dbo.DepMun.DesDep' is invalid in the select list because it is not contained in either an aggregate function or the GROUP BY clause.
CRITICAL - 2022-06-02 14:24:54 --> [Microsoft][ODBC Driver 17 for SQL Server][SQL Server]Column 'BDECOOPSOS.dbo.DepMun.DesDep' is invalid in the select list because it is not contained in either an aggregate function or the GROUP BY clause.
#0 C:\xampp\htdocs\red\system\Database\BaseConnection.php(670): CodeIgniter\Database\SQLSRV\Connection->execute('SELECT "CodDEP"...')
#1 C:\xampp\htdocs\red\system\Database\BaseConnection.php(598): CodeIgniter\Database\BaseConnection->simpleQuery('SELECT "CodDEP"...')
#2 C:\xampp\htdocs\red\system\Database\SQLSRV\Builder.php(614): CodeIgniter\Database\BaseConnection->query('SELECT "CodDEP"...', Array, false)
#3 C:\xampp\htdocs\red\app\Models\RedModel.php(40): CodeIgniter\Database\SQLSRV\Builder->get()
#4 C:\xampp\htdocs\red\app\Controllers\Red.php(14): App\Models\RedModel->getDepartamentos()
#5 C:\xampp\htdocs\red\system\CodeIgniter.php(832): App\Controllers\Red->index()
#6 C:\xampp\htdocs\red\system\CodeIgniter.php(419): CodeIgniter\CodeIgniter->runController(Object(App\Controllers\Red))
#7 C:\xampp\htdocs\red\system\CodeIgniter.php(326): CodeIgniter\CodeIgniter->handleRequest(NULL, Object(Config\Cache), false)
#8 C:\xampp\htdocs\red\index.php(37): CodeIgniter\CodeIgniter->run()
#9 {main}
CRITICAL - 2022-06-02 14:27:55 --> Undefined index: RDA_ID
#0 C:\xampp\htdocs\red\app\Views\red\home.php(41): CodeIgniter\Debug\Exceptions->errorHandler(8, 'Undefined index...', 'C:\\xampp\\htdocs...', 41, Array)
#1 C:\xampp\htdocs\red\system\View\View.php(210): include('C:\\xampp\\htdocs...')
#2 C:\xampp\htdocs\red\system\View\View.php(213): CodeIgniter\View\View->CodeIgniter\View\{closure}()
#3 C:\xampp\htdocs\red\system\Common.php(1089): CodeIgniter\View\View->render('red/home', Array, true)
#4 C:\xampp\htdocs\red\app\Controllers\Red.php(15): view('red/home', Array)
#5 C:\xampp\htdocs\red\system\CodeIgniter.php(832): App\Controllers\Red->index()
#6 C:\xampp\htdocs\red\system\CodeIgniter.php(419): CodeIgniter\CodeIgniter->runController(Object(App\Controllers\Red))
#7 C:\xampp\htdocs\red\system\CodeIgniter.php(326): CodeIgniter\CodeIgniter->handleRequest(NULL, Object(Config\Cache), false)
#8 C:\xampp\htdocs\red\index.php(37): CodeIgniter\CodeIgniter->run()
#9 {main}
CRITICAL - 2022-06-02 14:29:50 --> Undefined index: DesDep
#0 C:\xampp\htdocs\red\app\Views\red\home.php(41): CodeIgniter\Debug\Exceptions->errorHandler(8, 'Undefined index...', 'C:\\xampp\\htdocs...', 41, Array)
#1 C:\xampp\htdocs\red\system\View\View.php(210): include('C:\\xampp\\htdocs...')
#2 C:\xampp\htdocs\red\system\View\View.php(213): CodeIgniter\View\View->CodeIgniter\View\{closure}()
#3 C:\xampp\htdocs\red\system\Common.php(1089): CodeIgniter\View\View->render('red/home', Array, true)
#4 C:\xampp\htdocs\red\app\Controllers\Red.php(15): view('red/home', Array)
#5 C:\xampp\htdocs\red\system\CodeIgniter.php(832): App\Controllers\Red->index()
#6 C:\xampp\htdocs\red\system\CodeIgniter.php(419): CodeIgniter\CodeIgniter->runController(Object(App\Controllers\Red))
#7 C:\xampp\htdocs\red\system\CodeIgniter.php(326): CodeIgniter\CodeIgniter->handleRequest(NULL, Object(Config\Cache), false)
#8 C:\xampp\htdocs\red\index.php(37): CodeIgniter\CodeIgniter->run()
#9 {main}
CRITICAL - 2022-06-02 14:36:37 --> Trying to get property 'TipoRegimen' of non-object
#0 C:\xampp\htdocs\red\app\Views\red\home.php(68): CodeIgniter\Debug\Exceptions->errorHandler(8, 'Trying to get p...', 'C:\\xampp\\htdocs...', 68, Array)
#1 C:\xampp\htdocs\red\system\View\View.php(210): include('C:\\xampp\\htdocs...')
#2 C:\xampp\htdocs\red\system\View\View.php(213): CodeIgniter\View\View->CodeIgniter\View\{closure}()
#3 C:\xampp\htdocs\red\system\Common.php(1089): CodeIgniter\View\View->render('red/home', Array, true)
#4 C:\xampp\htdocs\red\app\Controllers\Red.php(16): view('red/home', Array)
#5 C:\xampp\htdocs\red\system\CodeIgniter.php(832): App\Controllers\Red->index()
#6 C:\xampp\htdocs\red\system\CodeIgniter.php(419): CodeIgniter\CodeIgniter->runController(Object(App\Controllers\Red))
#7 C:\xampp\htdocs\red\system\CodeIgniter.php(326): CodeIgniter\CodeIgniter->handleRequest(NULL, Object(Config\Cache), false)
#8 C:\xampp\htdocs\red\index.php(37): CodeIgniter\CodeIgniter->run()
#9 {main}
CRITICAL - 2022-06-02 14:37:04 --> Trying to get property 'TipoRegimen' of non-object
#0 C:\xampp\htdocs\red\app\Views\red\home.php(68): CodeIgniter\Debug\Exceptions->errorHandler(8, 'Trying to get p...', 'C:\\xampp\\htdocs...', 68, Array)
#1 C:\xampp\htdocs\red\system\View\View.php(210): include('C:\\xampp\\htdocs...')
#2 C:\xampp\htdocs\red\system\View\View.php(213): CodeIgniter\View\View->CodeIgniter\View\{closure}()
#3 C:\xampp\htdocs\red\system\Common.php(1089): CodeIgniter\View\View->render('red/home', Array, true)
#4 C:\xampp\htdocs\red\app\Controllers\Red.php(16): view('red/home', Array)
#5 C:\xampp\htdocs\red\system\CodeIgniter.php(832): App\Controllers\Red->index()
#6 C:\xampp\htdocs\red\system\CodeIgniter.php(419): CodeIgniter\CodeIgniter->runController(Object(App\Controllers\Red))
#7 C:\xampp\htdocs\red\system\CodeIgniter.php(326): CodeIgniter\CodeIgniter->handleRequest(NULL, Object(Config\Cache), false)
#8 C:\xampp\htdocs\red\index.php(37): CodeIgniter\CodeIgniter->run()
#9 {main}
CRITICAL - 2022-06-02 14:37:28 --> Trying to get property 'TipoRegimen' of non-object
#0 C:\xampp\htdocs\red\app\Views\red\home.php(68): CodeIgniter\Debug\Exceptions->errorHandler(8, 'Trying to get p...', 'C:\\xampp\\htdocs...', 68, Array)
#1 C:\xampp\htdocs\red\system\View\View.php(210): include('C:\\xampp\\htdocs...')
#2 C:\xampp\htdocs\red\system\View\View.php(213): CodeIgniter\View\View->CodeIgniter\View\{closure}()
#3 C:\xampp\htdocs\red\system\Common.php(1089): CodeIgniter\View\View->render('red/home', Array, true)
#4 C:\xampp\htdocs\red\app\Controllers\Red.php(16): view('red/home', Array)
#5 C:\xampp\htdocs\red\system\CodeIgniter.php(832): App\Controllers\Red->index()
#6 C:\xampp\htdocs\red\system\CodeIgniter.php(419): CodeIgniter\CodeIgniter->runController(Object(App\Controllers\Red))
#7 C:\xampp\htdocs\red\system\CodeIgniter.php(326): CodeIgniter\CodeIgniter->handleRequest(NULL, Object(Config\Cache), false)
#8 C:\xampp\htdocs\red\index.php(37): CodeIgniter\CodeIgniter->run()
#9 {main}
CRITICAL - 2022-06-02 14:41:42 --> Call to undefined method CodeIgniter\Database\SQLSRV\Result::resultObject()
#0 C:\xampp\htdocs\red\app\Controllers\Red.php(15): App\Models\RedModel->getRegimen()
#1 C:\xampp\htdocs\red\system\CodeIgniter.php(832): App\Controllers\Red->index()
#2 C:\xampp\htdocs\red\system\CodeIgniter.php(419): CodeIgniter\CodeIgniter->runController(Object(App\Controllers\Red))
#3 C:\xampp\htdocs\red\system\CodeIgniter.php(326): CodeIgniter\CodeIgniter->handleRequest(NULL, Object(Config\Cache), false)
#4 C:\xampp\htdocs\red\index.php(37): CodeIgniter\CodeIgniter->run()
#5 {main}
CRITICAL - 2022-06-02 14:42:24 --> Call to undefined method CodeIgniter\Database\SQLSRV\Result::customResultObject()
#0 C:\xampp\htdocs\red\app\Controllers\Red.php(15): App\Models\RedModel->getRegimen()
#1 C:\xampp\htdocs\red\system\CodeIgniter.php(832): App\Controllers\Red->index()
#2 C:\xampp\htdocs\red\system\CodeIgniter.php(419): CodeIgniter\CodeIgniter->runController(Object(App\Controllers\Red))
#3 C:\xampp\htdocs\red\system\CodeIgniter.php(326): CodeIgniter\CodeIgniter->handleRequest(NULL, Object(Config\Cache), false)
#4 C:\xampp\htdocs\red\index.php(37): CodeIgniter\CodeIgniter->run()
#5 {main}
CRITICAL - 2022-06-02 14:44:17 --> Call to undefined method CodeIgniter\Database\SQLSRV\Result::result()
#0 C:\xampp\htdocs\red\app\Controllers\Red.php(15): App\Models\RedModel->getRegimen()
#1 C:\xampp\htdocs\red\system\CodeIgniter.php(832): App\Controllers\Red->index()
#2 C:\xampp\htdocs\red\system\CodeIgniter.php(419): CodeIgniter\CodeIgniter->runController(Object(App\Controllers\Red))
#3 C:\xampp\htdocs\red\system\CodeIgniter.php(326): CodeIgniter\CodeIgniter->handleRequest(NULL, Object(Config\Cache), false)
#4 C:\xampp\htdocs\red\index.php(37): CodeIgniter\CodeIgniter->run()
#5 {main}
CRITICAL - 2022-06-02 14:44:39 --> Call to undefined method CodeIgniter\Database\SQLSRV\Result::result_object()
#0 C:\xampp\htdocs\red\app\Controllers\Red.php(15): App\Models\RedModel->getRegimen()
#1 C:\xampp\htdocs\red\system\CodeIgniter.php(832): App\Controllers\Red->index()
#2 C:\xampp\htdocs\red\system\CodeIgniter.php(419): CodeIgniter\CodeIgniter->runController(Object(App\Controllers\Red))
#3 C:\xampp\htdocs\red\system\CodeIgniter.php(326): CodeIgniter\CodeIgniter->handleRequest(NULL, Object(Config\Cache), false)
#4 C:\xampp\htdocs\red\index.php(37): CodeIgniter\CodeIgniter->run()
#5 {main}
CRITICAL - 2022-06-02 14:45:41 --> Call to undefined method CodeIgniter\Database\SQLSRV\Builder::getResult()
#0 C:\xampp\htdocs\red\app\Controllers\Red.php(15): App\Models\RedModel->getRegimen()
#1 C:\xampp\htdocs\red\system\CodeIgniter.php(832): App\Controllers\Red->index()
#2 C:\xampp\htdocs\red\system\CodeIgniter.php(419): CodeIgniter\CodeIgniter->runController(Object(App\Controllers\Red))
#3 C:\xampp\htdocs\red\system\CodeIgniter.php(326): CodeIgniter\CodeIgniter->handleRequest(NULL, Object(Config\Cache), false)
#4 C:\xampp\htdocs\red\index.php(37): CodeIgniter\CodeIgniter->run()
#5 {main}
CRITICAL - 2022-06-02 14:46:18 --> syntax error, unexpected '->' (T_OBJECT_OPERATOR)
#0 C:\xampp\htdocs\red\system\Autoloader\Autoloader.php(241): CodeIgniter\Autoloader\Autoloader->includeFile('C:\\xampp\\htdocs...')
#1 C:\xampp\htdocs\red\system\Autoloader\Autoloader.php(219): CodeIgniter\Autoloader\Autoloader->loadInNamespace('App\\Models\\RedM...')
#2 [internal function]: CodeIgniter\Autoloader\Autoloader->loadClass('App\\Models\\RedM...')
#3 C:\xampp\htdocs\red\app\Controllers\Red.php(13): spl_autoload_call('App\\Models\\RedM...')
#4 C:\xampp\htdocs\red\system\CodeIgniter.php(832): App\Controllers\Red->index()
#5 C:\xampp\htdocs\red\system\CodeIgniter.php(419): CodeIgniter\CodeIgniter->runController(Object(App\Controllers\Red))
#6 C:\xampp\htdocs\red\system\CodeIgniter.php(326): CodeIgniter\CodeIgniter->handleRequest(NULL, Object(Config\Cache), false)
#7 C:\xampp\htdocs\red\index.php(37): CodeIgniter\CodeIgniter->run()
#8 {main}
ERROR - 2022-06-02 14:48:19 --> [Microsoft][ODBC Driver 17 for SQL Server][SQL Server]Invalid object name 'BDECOOPSOS.dbo.UPPER(REGIMENSC)'.
CRITICAL - 2022-06-02 14:48:19 --> [Microsoft][ODBC Driver 17 for SQL Server][SQL Server]Invalid object name 'BDECOOPSOS.dbo.UPPER(REGIMENSC)'.
#0 C:\xampp\htdocs\red\system\Database\BaseConnection.php(670): CodeIgniter\Database\SQLSRV\Connection->execute('SELECT "TipoReg...')
#1 C:\xampp\htdocs\red\system\Database\BaseConnection.php(598): CodeIgniter\Database\BaseConnection->simpleQuery('SELECT "TipoReg...')
#2 C:\xampp\htdocs\red\system\Database\SQLSRV\Builder.php(614): CodeIgniter\Database\BaseConnection->query('SELECT "TipoReg...', Array, false)
#3 C:\xampp\htdocs\red\app\Models\RedModel.php(48): CodeIgniter\Database\SQLSRV\Builder->get()
#4 C:\xampp\htdocs\red\app\Controllers\Red.php(15): App\Models\RedModel->getRegimen()
#5 C:\xampp\htdocs\red\system\CodeIgniter.php(832): App\Controllers\Red->index()
#6 C:\xampp\htdocs\red\system\CodeIgniter.php(419): CodeIgniter\CodeIgniter->runController(Object(App\Controllers\Red))
#7 C:\xampp\htdocs\red\system\CodeIgniter.php(326): CodeIgniter\CodeIgniter->handleRequest(NULL, Object(Config\Cache), false)
#8 C:\xampp\htdocs\red\index.php(37): CodeIgniter\CodeIgniter->run()
#9 {main}
CRITICAL - 2022-06-02 14:48:42 --> Undefined property: stdClass::$Descripcion
#0 C:\xampp\htdocs\red\app\Views\red\home.php(67): CodeIgniter\Debug\Exceptions->errorHandler(8, 'Undefined prope...', 'C:\\xampp\\htdocs...', 67, Array)
#1 C:\xampp\htdocs\red\system\View\View.php(210): include('C:\\xampp\\htdocs...')
#2 C:\xampp\htdocs\red\system\View\View.php(213): CodeIgniter\View\View->CodeIgniter\View\{closure}()
#3 C:\xampp\htdocs\red\system\Common.php(1089): CodeIgniter\View\View->render('red/home', Array, true)
#4 C:\xampp\htdocs\red\app\Controllers\Red.php(16): view('red/home', Array)
#5 C:\xampp\htdocs\red\system\CodeIgniter.php(832): App\Controllers\Red->index()
#6 C:\xampp\htdocs\red\system\CodeIgniter.php(419): CodeIgniter\CodeIgniter->runController(Object(App\Controllers\Red))
#7 C:\xampp\htdocs\red\system\CodeIgniter.php(326): CodeIgniter\CodeIgniter->handleRequest(NULL, Object(Config\Cache), false)
#8 C:\xampp\htdocs\red\index.php(37): CodeIgniter\CodeIgniter->run()
#9 {main}
CRITICAL - 2022-06-02 14:48:51 --> Undefined property: stdClass::$Descripcion
#0 C:\xampp\htdocs\red\app\Views\red\home.php(67): CodeIgniter\Debug\Exceptions->errorHandler(8, 'Undefined prope...', 'C:\\xampp\\htdocs...', 67, Array)
#1 C:\xampp\htdocs\red\system\View\View.php(210): include('C:\\xampp\\htdocs...')
#2 C:\xampp\htdocs\red\system\View\View.php(213): CodeIgniter\View\View->CodeIgniter\View\{closure}()
#3 C:\xampp\htdocs\red\system\Common.php(1089): CodeIgniter\View\View->render('red/home', Array, true)
#4 C:\xampp\htdocs\red\app\Controllers\Red.php(16): view('red/home', Array)
#5 C:\xampp\htdocs\red\system\CodeIgniter.php(832): App\Controllers\Red->index()
#6 C:\xampp\htdocs\red\system\CodeIgniter.php(419): CodeIgniter\CodeIgniter->runController(Object(App\Controllers\Red))
#7 C:\xampp\htdocs\red\system\CodeIgniter.php(326): CodeIgniter\CodeIgniter->handleRequest(NULL, Object(Config\Cache), false)
#8 C:\xampp\htdocs\red\index.php(37): CodeIgniter\CodeIgniter->run()
#9 {main}
ERROR - 2022-06-02 17:27:03 --> Error connecting to the database: . 
Login timeout expired
A network-related or instance-specific error has occurred while establishing a connection to SQL Server. Server is not found or not accessible. Check if instance name is correct and if SQL Server is configured to allow remote connections. For more information see SQL Server Books Online.
CRITICAL - 2022-06-02 17:27:03 --> Unable to connect to the database.
Main connection [SQLsrv]: . 
Login timeout expired
A network-related or instance-specific error has occurred while establishing a connection to SQL Server. Server is not found or not accessible. Check if instance name is correct and if SQL Server is configured to allow remote connections. For more information see SQL Server Books Online.
#0 C:\xampp\htdocs\red\system\Database\BaseConnection.php(577): CodeIgniter\Database\BaseConnection->initialize()
#1 C:\xampp\htdocs\red\system\Database\SQLSRV\Builder.php(614): CodeIgniter\Database\BaseConnection->query('SELECT "CodMun"...', Array, false)
#2 C:\xampp\htdocs\red\app\Models\RedModel.php(60): CodeIgniter\Database\SQLSRV\Builder->get()
#3 C:\xampp\htdocs\red\app\Controllers\Red.php(24): App\Models\RedModel->getMunicipios(Array)
#4 C:\xampp\htdocs\red\system\CodeIgniter.php(832): App\Controllers\Red->filtraMunicipios()
#5 C:\xampp\htdocs\red\system\CodeIgniter.php(419): CodeIgniter\CodeIgniter->runController(Object(App\Controllers\Red))
#6 C:\xampp\htdocs\red\system\CodeIgniter.php(326): CodeIgniter\CodeIgniter->handleRequest(NULL, Object(Config\Cache), false)
#7 C:\xampp\htdocs\red\index.php(37): CodeIgniter\CodeIgniter->run()
#8 {main}
