CRITICAL - 2022-05-27 09:34:25 --> Class 'App\Controllers\HomeModel' not found
#0 C:\xampp\htdocs\red\system\CodeIgniter.php(832): App\Controllers\Red->index()
#1 C:\xampp\htdocs\red\system\CodeIgniter.php(419): CodeIgniter\CodeIgniter->runController(Object(App\Controllers\Red))
#2 C:\xampp\htdocs\red\system\CodeIgniter.php(326): CodeIgniter\CodeIgniter->handleRequest(NULL, Object(Config\Cache), false)
#3 C:\xampp\htdocs\red\index.php(37): CodeIgniter\CodeIgniter->run()
#4 {main}
CRITICAL - 2022-05-27 09:35:19 --> Class 'App\Controllers\HomeModel' not found
#0 C:\xampp\htdocs\red\system\CodeIgniter.php(832): App\Controllers\Red->index()
#1 C:\xampp\htdocs\red\system\CodeIgniter.php(419): CodeIgniter\CodeIgniter->runController(Object(App\Controllers\Red))
#2 C:\xampp\htdocs\red\system\CodeIgniter.php(326): CodeIgniter\CodeIgniter->handleRequest(NULL, Object(Config\Cache), false)
#3 C:\xampp\htdocs\red\index.php(37): CodeIgniter\CodeIgniter->run()
#4 {main}
CRITICAL - 2022-05-27 09:35:20 --> Class 'App\Controllers\HomeModel' not found
#0 C:\xampp\htdocs\red\system\CodeIgniter.php(832): App\Controllers\Red->index()
#1 C:\xampp\htdocs\red\system\CodeIgniter.php(419): CodeIgniter\CodeIgniter->runController(Object(App\Controllers\Red))
#2 C:\xampp\htdocs\red\system\CodeIgniter.php(326): CodeIgniter\CodeIgniter->handleRequest(NULL, Object(Config\Cache), false)
#3 C:\xampp\htdocs\red\index.php(37): CodeIgniter\CodeIgniter->run()
#4 {main}
CRITICAL - 2022-05-27 09:36:06 --> Class 'App\Controllers\HomeModel' not found
#0 C:\xampp\htdocs\red\system\CodeIgniter.php(832): App\Controllers\Red->index()
#1 C:\xampp\htdocs\red\system\CodeIgniter.php(419): CodeIgniter\CodeIgniter->runController(Object(App\Controllers\Red))
#2 C:\xampp\htdocs\red\system\CodeIgniter.php(326): CodeIgniter\CodeIgniter->handleRequest(NULL, Object(Config\Cache), false)
#3 C:\xampp\htdocs\red\index.php(37): CodeIgniter\CodeIgniter->run()
#4 {main}
CRITICAL - 2022-05-27 09:58:05 --> Call to undefined method CodeIgniter\Database\SQLSRV\Connection::select()
#0 C:\xampp\htdocs\red\app\Controllers\Red.php(12): App\Models\RedModel->getTest()
#1 C:\xampp\htdocs\red\system\CodeIgniter.php(832): App\Controllers\Red->index()
#2 C:\xampp\htdocs\red\system\CodeIgniter.php(419): CodeIgniter\CodeIgniter->runController(Object(App\Controllers\Red))
#3 C:\xampp\htdocs\red\system\CodeIgniter.php(326): CodeIgniter\CodeIgniter->handleRequest(NULL, Object(Config\Cache), false)
#4 C:\xampp\htdocs\red\index.php(37): CodeIgniter\CodeIgniter->run()
#5 {main}
CRITICAL - 2022-05-27 09:58:10 --> Call to undefined method CodeIgniter\Database\SQLSRV\Connection::select()
#0 C:\xampp\htdocs\red\app\Controllers\Red.php(12): App\Models\RedModel->getTest()
#1 C:\xampp\htdocs\red\system\CodeIgniter.php(832): App\Controllers\Red->index()
#2 C:\xampp\htdocs\red\system\CodeIgniter.php(419): CodeIgniter\CodeIgniter->runController(Object(App\Controllers\Red))
#3 C:\xampp\htdocs\red\system\CodeIgniter.php(326): CodeIgniter\CodeIgniter->handleRequest(NULL, Object(Config\Cache), false)
#4 C:\xampp\htdocs\red\index.php(37): CodeIgniter\CodeIgniter->run()
#5 {main}
CRITICAL - 2022-05-27 09:58:32 --> Call to undefined method CodeIgniter\Database\SQLSRV\Connection::select()
#0 C:\xampp\htdocs\red\app\Controllers\Red.php(12): App\Models\RedModel->getTest()
#1 C:\xampp\htdocs\red\system\CodeIgniter.php(832): App\Controllers\Red->index()
#2 C:\xampp\htdocs\red\system\CodeIgniter.php(419): CodeIgniter\CodeIgniter->runController(Object(App\Controllers\Red))
#3 C:\xampp\htdocs\red\system\CodeIgniter.php(326): CodeIgniter\CodeIgniter->handleRequest(NULL, Object(Config\Cache), false)
#4 C:\xampp\htdocs\red\index.php(37): CodeIgniter\CodeIgniter->run()
#5 {main}
CRITICAL - 2022-05-27 10:03:43 --> Class 'App\Models\Database' not found
#0 C:\xampp\htdocs\red\app\Controllers\Red.php(14): App\Models\RedModel->getTest()
#1 C:\xampp\htdocs\red\system\CodeIgniter.php(832): App\Controllers\Red->index()
#2 C:\xampp\htdocs\red\system\CodeIgniter.php(419): CodeIgniter\CodeIgniter->runController(Object(App\Controllers\Red))
#3 C:\xampp\htdocs\red\system\CodeIgniter.php(326): CodeIgniter\CodeIgniter->handleRequest(NULL, Object(Config\Cache), false)
#4 C:\xampp\htdocs\red\index.php(37): CodeIgniter\CodeIgniter->run()
#5 {main}
CRITICAL - 2022-05-27 10:04:54 --> Class 'App\Models\Database' not found
#0 C:\xampp\htdocs\red\app\Controllers\Red.php(14): App\Models\RedModel->getTest()
#1 C:\xampp\htdocs\red\system\CodeIgniter.php(832): App\Controllers\Red->index()
#2 C:\xampp\htdocs\red\system\CodeIgniter.php(419): CodeIgniter\CodeIgniter->runController(Object(App\Controllers\Red))
#3 C:\xampp\htdocs\red\system\CodeIgniter.php(326): CodeIgniter\CodeIgniter->handleRequest(NULL, Object(Config\Cache), false)
#4 C:\xampp\htdocs\red\index.php(37): CodeIgniter\CodeIgniter->run()
#5 {main}
CRITICAL - 2022-05-27 10:04:55 --> Class 'App\Models\Database' not found
#0 C:\xampp\htdocs\red\app\Controllers\Red.php(14): App\Models\RedModel->getTest()
#1 C:\xampp\htdocs\red\system\CodeIgniter.php(832): App\Controllers\Red->index()
#2 C:\xampp\htdocs\red\system\CodeIgniter.php(419): CodeIgniter\CodeIgniter->runController(Object(App\Controllers\Red))
#3 C:\xampp\htdocs\red\system\CodeIgniter.php(326): CodeIgniter\CodeIgniter->handleRequest(NULL, Object(Config\Cache), false)
#4 C:\xampp\htdocs\red\index.php(37): CodeIgniter\CodeIgniter->run()
#5 {main}
CRITICAL - 2022-05-27 10:04:55 --> Class 'App\Models\Database' not found
#0 C:\xampp\htdocs\red\app\Controllers\Red.php(14): App\Models\RedModel->getTest()
#1 C:\xampp\htdocs\red\system\CodeIgniter.php(832): App\Controllers\Red->index()
#2 C:\xampp\htdocs\red\system\CodeIgniter.php(419): CodeIgniter\CodeIgniter->runController(Object(App\Controllers\Red))
#3 C:\xampp\htdocs\red\system\CodeIgniter.php(326): CodeIgniter\CodeIgniter->handleRequest(NULL, Object(Config\Cache), false)
#4 C:\xampp\htdocs\red\index.php(37): CodeIgniter\CodeIgniter->run()
#5 {main}
CRITICAL - 2022-05-27 10:04:56 --> Class 'App\Models\Database' not found
#0 C:\xampp\htdocs\red\app\Controllers\Red.php(14): App\Models\RedModel->getTest()
#1 C:\xampp\htdocs\red\system\CodeIgniter.php(832): App\Controllers\Red->index()
#2 C:\xampp\htdocs\red\system\CodeIgniter.php(419): CodeIgniter\CodeIgniter->runController(Object(App\Controllers\Red))
#3 C:\xampp\htdocs\red\system\CodeIgniter.php(326): CodeIgniter\CodeIgniter->handleRequest(NULL, Object(Config\Cache), false)
#4 C:\xampp\htdocs\red\index.php(37): CodeIgniter\CodeIgniter->run()
#5 {main}
CRITICAL - 2022-05-27 10:04:56 --> Class 'App\Models\Database' not found
#0 C:\xampp\htdocs\red\app\Controllers\Red.php(14): App\Models\RedModel->getTest()
#1 C:\xampp\htdocs\red\system\CodeIgniter.php(832): App\Controllers\Red->index()
#2 C:\xampp\htdocs\red\system\CodeIgniter.php(419): CodeIgniter\CodeIgniter->runController(Object(App\Controllers\Red))
#3 C:\xampp\htdocs\red\system\CodeIgniter.php(326): CodeIgniter\CodeIgniter->handleRequest(NULL, Object(Config\Cache), false)
#4 C:\xampp\htdocs\red\index.php(37): CodeIgniter\CodeIgniter->run()
#5 {main}
CRITICAL - 2022-05-27 10:05:07 --> Call to undefined method CodeIgniter\Database\SQLSRV\Connection::select()
#0 C:\xampp\htdocs\red\app\Controllers\Red.php(14): App\Models\RedModel->getTest()
#1 C:\xampp\htdocs\red\system\CodeIgniter.php(832): App\Controllers\Red->index()
#2 C:\xampp\htdocs\red\system\CodeIgniter.php(419): CodeIgniter\CodeIgniter->runController(Object(App\Controllers\Red))
#3 C:\xampp\htdocs\red\system\CodeIgniter.php(326): CodeIgniter\CodeIgniter->handleRequest(NULL, Object(Config\Cache), false)
#4 C:\xampp\htdocs\red\index.php(37): CodeIgniter\CodeIgniter->run()
#5 {main}
CRITICAL - 2022-05-27 10:05:08 --> Call to undefined method CodeIgniter\Database\SQLSRV\Connection::select()
#0 C:\xampp\htdocs\red\app\Controllers\Red.php(14): App\Models\RedModel->getTest()
#1 C:\xampp\htdocs\red\system\CodeIgniter.php(832): App\Controllers\Red->index()
#2 C:\xampp\htdocs\red\system\CodeIgniter.php(419): CodeIgniter\CodeIgniter->runController(Object(App\Controllers\Red))
#3 C:\xampp\htdocs\red\system\CodeIgniter.php(326): CodeIgniter\CodeIgniter->handleRequest(NULL, Object(Config\Cache), false)
#4 C:\xampp\htdocs\red\index.php(37): CodeIgniter\CodeIgniter->run()
#5 {main}
CRITICAL - 2022-05-27 10:05:08 --> Call to undefined method CodeIgniter\Database\SQLSRV\Connection::select()
#0 C:\xampp\htdocs\red\app\Controllers\Red.php(14): App\Models\RedModel->getTest()
#1 C:\xampp\htdocs\red\system\CodeIgniter.php(832): App\Controllers\Red->index()
#2 C:\xampp\htdocs\red\system\CodeIgniter.php(419): CodeIgniter\CodeIgniter->runController(Object(App\Controllers\Red))
#3 C:\xampp\htdocs\red\system\CodeIgniter.php(326): CodeIgniter\CodeIgniter->handleRequest(NULL, Object(Config\Cache), false)
#4 C:\xampp\htdocs\red\index.php(37): CodeIgniter\CodeIgniter->run()
#5 {main}
CRITICAL - 2022-05-27 10:05:08 --> Call to undefined method CodeIgniter\Database\SQLSRV\Connection::select()
#0 C:\xampp\htdocs\red\app\Controllers\Red.php(14): App\Models\RedModel->getTest()
#1 C:\xampp\htdocs\red\system\CodeIgniter.php(832): App\Controllers\Red->index()
#2 C:\xampp\htdocs\red\system\CodeIgniter.php(419): CodeIgniter\CodeIgniter->runController(Object(App\Controllers\Red))
#3 C:\xampp\htdocs\red\system\CodeIgniter.php(326): CodeIgniter\CodeIgniter->handleRequest(NULL, Object(Config\Cache), false)
#4 C:\xampp\htdocs\red\index.php(37): CodeIgniter\CodeIgniter->run()
#5 {main}
CRITICAL - 2022-05-27 10:05:08 --> Call to undefined method CodeIgniter\Database\SQLSRV\Connection::select()
#0 C:\xampp\htdocs\red\app\Controllers\Red.php(14): App\Models\RedModel->getTest()
#1 C:\xampp\htdocs\red\system\CodeIgniter.php(832): App\Controllers\Red->index()
#2 C:\xampp\htdocs\red\system\CodeIgniter.php(419): CodeIgniter\CodeIgniter->runController(Object(App\Controllers\Red))
#3 C:\xampp\htdocs\red\system\CodeIgniter.php(326): CodeIgniter\CodeIgniter->handleRequest(NULL, Object(Config\Cache), false)
#4 C:\xampp\htdocs\red\index.php(37): CodeIgniter\CodeIgniter->run()
#5 {main}
CRITICAL - 2022-05-27 10:05:08 --> Call to undefined method CodeIgniter\Database\SQLSRV\Connection::select()
#0 C:\xampp\htdocs\red\app\Controllers\Red.php(14): App\Models\RedModel->getTest()
#1 C:\xampp\htdocs\red\system\CodeIgniter.php(832): App\Controllers\Red->index()
#2 C:\xampp\htdocs\red\system\CodeIgniter.php(419): CodeIgniter\CodeIgniter->runController(Object(App\Controllers\Red))
#3 C:\xampp\htdocs\red\system\CodeIgniter.php(326): CodeIgniter\CodeIgniter->handleRequest(NULL, Object(Config\Cache), false)
#4 C:\xampp\htdocs\red\index.php(37): CodeIgniter\CodeIgniter->run()
#5 {main}
CRITICAL - 2022-05-27 10:05:19 --> Call to undefined method CodeIgniter\Database\SQLSRV\Connection::select()
#0 C:\xampp\htdocs\red\app\Controllers\Red.php(14): App\Models\RedModel->getTest()
#1 C:\xampp\htdocs\red\system\CodeIgniter.php(832): App\Controllers\Red->index()
#2 C:\xampp\htdocs\red\system\CodeIgniter.php(419): CodeIgniter\CodeIgniter->runController(Object(App\Controllers\Red))
#3 C:\xampp\htdocs\red\system\CodeIgniter.php(326): CodeIgniter\CodeIgniter->handleRequest(NULL, Object(Config\Cache), false)
#4 C:\xampp\htdocs\red\index.php(37): CodeIgniter\CodeIgniter->run()
#5 {main}
CRITICAL - 2022-05-27 10:05:19 --> Call to undefined method CodeIgniter\Database\SQLSRV\Connection::select()
#0 C:\xampp\htdocs\red\app\Controllers\Red.php(14): App\Models\RedModel->getTest()
#1 C:\xampp\htdocs\red\system\CodeIgniter.php(832): App\Controllers\Red->index()
#2 C:\xampp\htdocs\red\system\CodeIgniter.php(419): CodeIgniter\CodeIgniter->runController(Object(App\Controllers\Red))
#3 C:\xampp\htdocs\red\system\CodeIgniter.php(326): CodeIgniter\CodeIgniter->handleRequest(NULL, Object(Config\Cache), false)
#4 C:\xampp\htdocs\red\index.php(37): CodeIgniter\CodeIgniter->run()
#5 {main}
CRITICAL - 2022-05-27 10:05:19 --> Call to undefined method CodeIgniter\Database\SQLSRV\Connection::select()
#0 C:\xampp\htdocs\red\app\Controllers\Red.php(14): App\Models\RedModel->getTest()
#1 C:\xampp\htdocs\red\system\CodeIgniter.php(832): App\Controllers\Red->index()
#2 C:\xampp\htdocs\red\system\CodeIgniter.php(419): CodeIgniter\CodeIgniter->runController(Object(App\Controllers\Red))
#3 C:\xampp\htdocs\red\system\CodeIgniter.php(326): CodeIgniter\CodeIgniter->handleRequest(NULL, Object(Config\Cache), false)
#4 C:\xampp\htdocs\red\index.php(37): CodeIgniter\CodeIgniter->run()
#5 {main}
CRITICAL - 2022-05-27 10:05:20 --> Call to undefined method CodeIgniter\Database\SQLSRV\Connection::select()
#0 C:\xampp\htdocs\red\app\Controllers\Red.php(14): App\Models\RedModel->getTest()
#1 C:\xampp\htdocs\red\system\CodeIgniter.php(832): App\Controllers\Red->index()
#2 C:\xampp\htdocs\red\system\CodeIgniter.php(419): CodeIgniter\CodeIgniter->runController(Object(App\Controllers\Red))
#3 C:\xampp\htdocs\red\system\CodeIgniter.php(326): CodeIgniter\CodeIgniter->handleRequest(NULL, Object(Config\Cache), false)
#4 C:\xampp\htdocs\red\index.php(37): CodeIgniter\CodeIgniter->run()
#5 {main}
CRITICAL - 2022-05-27 10:10:07 --> Call to undefined method CodeIgniter\Database\SQLSRV\Connection::select()
#0 C:\xampp\htdocs\red\app\Controllers\Red.php(14): App\Models\RedModel->getTest()
#1 C:\xampp\htdocs\red\system\CodeIgniter.php(832): App\Controllers\Red->index()
#2 C:\xampp\htdocs\red\system\CodeIgniter.php(419): CodeIgniter\CodeIgniter->runController(Object(App\Controllers\Red))
#3 C:\xampp\htdocs\red\system\CodeIgniter.php(326): CodeIgniter\CodeIgniter->handleRequest(NULL, Object(Config\Cache), false)
#4 C:\xampp\htdocs\red\index.php(37): CodeIgniter\CodeIgniter->run()
#5 {main}
ERROR - 2022-05-27 10:25:02 --> [Microsoft][ODBC Driver 17 for SQL Server][SQL Server]Invalid object name 'ADMINISTRATIVA.dbo.dbo.AMP_ADMIN_MENU_PORTAL'.
CRITICAL - 2022-05-27 10:25:02 --> [Microsoft][ODBC Driver 17 for SQL Server][SQL Server]Invalid object name 'ADMINISTRATIVA.dbo.dbo.AMP_ADMIN_MENU_PORTAL'.
#0 C:\xampp\htdocs\red\system\Database\BaseConnection.php(670): CodeIgniter\Database\SQLSRV\Connection->execute('SELECT *\nFROM "...')
#1 C:\xampp\htdocs\red\system\Database\BaseConnection.php(598): CodeIgniter\Database\BaseConnection->simpleQuery('SELECT *\nFROM "...')
#2 C:\xampp\htdocs\red\system\Database\SQLSRV\Builder.php(614): CodeIgniter\Database\BaseConnection->query('SELECT *\nFROM "...', Array, false)
#3 C:\xampp\htdocs\red\app\Models\RedModel.php(19): CodeIgniter\Database\SQLSRV\Builder->get()
#4 C:\xampp\htdocs\red\app\Controllers\Red.php(14): App\Models\RedModel->getTest()
#5 C:\xampp\htdocs\red\system\CodeIgniter.php(832): App\Controllers\Red->index()
#6 C:\xampp\htdocs\red\system\CodeIgniter.php(419): CodeIgniter\CodeIgniter->runController(Object(App\Controllers\Red))
#7 C:\xampp\htdocs\red\system\CodeIgniter.php(326): CodeIgniter\CodeIgniter->handleRequest(NULL, Object(Config\Cache), false)
#8 C:\xampp\htdocs\red\index.php(37): CodeIgniter\CodeIgniter->run()
#9 {main}
CRITICAL - 2022-05-27 10:25:23 --> Call to undefined method CodeIgniter\Database\SQLSRV\Result::result_array()
#0 C:\xampp\htdocs\red\app\Controllers\Red.php(14): App\Models\RedModel->getTest()
#1 C:\xampp\htdocs\red\system\CodeIgniter.php(832): App\Controllers\Red->index()
#2 C:\xampp\htdocs\red\system\CodeIgniter.php(419): CodeIgniter\CodeIgniter->runController(Object(App\Controllers\Red))
#3 C:\xampp\htdocs\red\system\CodeIgniter.php(326): CodeIgniter\CodeIgniter->handleRequest(NULL, Object(Config\Cache), false)
#4 C:\xampp\htdocs\red\index.php(37): CodeIgniter\CodeIgniter->run()
#5 {main}
ERROR - 2022-05-27 10:26:24 --> [Microsoft][ODBC Driver 17 for SQL Server][SQL Server]Invalid object name 'ADMINISTRATIVA.dbo.dbo.AMP_ADMIN_MENU_PORTAL'.
CRITICAL - 2022-05-27 10:26:24 --> [Microsoft][ODBC Driver 17 for SQL Server][SQL Server]Invalid object name 'ADMINISTRATIVA.dbo.dbo.AMP_ADMIN_MENU_PORTAL'.
#0 C:\xampp\htdocs\red\system\Database\BaseConnection.php(670): CodeIgniter\Database\SQLSRV\Connection->execute('SELECT *\nFROM "...')
#1 C:\xampp\htdocs\red\system\Database\BaseConnection.php(598): CodeIgniter\Database\BaseConnection->simpleQuery('SELECT *\nFROM "...')
#2 C:\xampp\htdocs\red\system\Database\SQLSRV\Builder.php(614): CodeIgniter\Database\BaseConnection->query('SELECT *\nFROM "...', Array, false)
#3 C:\xampp\htdocs\red\app\Models\RedModel.php(19): CodeIgniter\Database\SQLSRV\Builder->get()
#4 C:\xampp\htdocs\red\app\Controllers\Red.php(14): App\Models\RedModel->getTest()
#5 C:\xampp\htdocs\red\system\CodeIgniter.php(832): App\Controllers\Red->index()
#6 C:\xampp\htdocs\red\system\CodeIgniter.php(419): CodeIgniter\CodeIgniter->runController(Object(App\Controllers\Red))
#7 C:\xampp\htdocs\red\system\CodeIgniter.php(326): CodeIgniter\CodeIgniter->handleRequest(NULL, Object(Config\Cache), false)
#8 C:\xampp\htdocs\red\index.php(37): CodeIgniter\CodeIgniter->run()
#9 {main}
CRITICAL - 2022-05-27 10:38:55 --> Call to undefined method CodeIgniter\Database\SQLSRV\Result::getLastQuery()
#0 C:\xampp\htdocs\red\app\Controllers\Red.php(14): App\Models\RedModel->getTest()
#1 C:\xampp\htdocs\red\system\CodeIgniter.php(832): App\Controllers\Red->index()
#2 C:\xampp\htdocs\red\system\CodeIgniter.php(419): CodeIgniter\CodeIgniter->runController(Object(App\Controllers\Red))
#3 C:\xampp\htdocs\red\system\CodeIgniter.php(326): CodeIgniter\CodeIgniter->handleRequest(NULL, Object(Config\Cache), false)
#4 C:\xampp\htdocs\red\index.php(37): CodeIgniter\CodeIgniter->run()
#5 {main}
CRITICAL - 2022-05-27 10:39:31 --> You must set the database table to be used with your query.
#0 C:\xampp\htdocs\red\system\Model.php(545): CodeIgniter\Database\BaseConnection->table(NULL)
#1 C:\xampp\htdocs\red\system\Model.php(722): CodeIgniter\Model->builder()
#2 C:\xampp\htdocs\red\app\Models\RedModel.php(25): CodeIgniter\Model->__call('getLastQuery', Array)
#3 C:\xampp\htdocs\red\app\Controllers\Red.php(14): App\Models\RedModel->getTest()
#4 C:\xampp\htdocs\red\system\CodeIgniter.php(832): App\Controllers\Red->index()
#5 C:\xampp\htdocs\red\system\CodeIgniter.php(419): CodeIgniter\CodeIgniter->runController(Object(App\Controllers\Red))
#6 C:\xampp\htdocs\red\system\CodeIgniter.php(326): CodeIgniter\CodeIgniter->handleRequest(NULL, Object(Config\Cache), false)
#7 C:\xampp\htdocs\red\index.php(37): CodeIgniter\CodeIgniter->run()
#8 {main}
CRITICAL - 2022-05-27 10:40:13 --> Undefined variable: db
#0 C:\xampp\htdocs\red\app\Models\RedModel.php(25): CodeIgniter\Debug\Exceptions->errorHandler(8, 'Undefined varia...', 'C:\\xampp\\htdocs...', 25, Array)
#1 C:\xampp\htdocs\red\app\Controllers\Red.php(14): App\Models\RedModel->getTest()
#2 C:\xampp\htdocs\red\system\CodeIgniter.php(832): App\Controllers\Red->index()
#3 C:\xampp\htdocs\red\system\CodeIgniter.php(419): CodeIgniter\CodeIgniter->runController(Object(App\Controllers\Red))
#4 C:\xampp\htdocs\red\system\CodeIgniter.php(326): CodeIgniter\CodeIgniter->handleRequest(NULL, Object(Config\Cache), false)
#5 C:\xampp\htdocs\red\index.php(37): CodeIgniter\CodeIgniter->run()
#6 {main}
CRITICAL - 2022-05-27 10:41:26 --> Call to undefined method CodeIgniter\Database\SQLSRV\Builder::getResultArray()
#0 C:\xampp\htdocs\red\app\Controllers\Red.php(14): App\Models\RedModel->getTest()
#1 C:\xampp\htdocs\red\system\CodeIgniter.php(832): App\Controllers\Red->index()
#2 C:\xampp\htdocs\red\system\CodeIgniter.php(419): CodeIgniter\CodeIgniter->runController(Object(App\Controllers\Red))
#3 C:\xampp\htdocs\red\system\CodeIgniter.php(326): CodeIgniter\CodeIgniter->handleRequest(NULL, Object(Config\Cache), false)
#4 C:\xampp\htdocs\red\index.php(37): CodeIgniter\CodeIgniter->run()
#5 {main}
CRITICAL - 2022-05-27 10:41:50 --> Call to undefined method CodeIgniter\Database\SQLSRV\Builder::getResultArray()
#0 C:\xampp\htdocs\red\app\Controllers\Red.php(14): App\Models\RedModel->getTest()
#1 C:\xampp\htdocs\red\system\CodeIgniter.php(832): App\Controllers\Red->index()
#2 C:\xampp\htdocs\red\system\CodeIgniter.php(419): CodeIgniter\CodeIgniter->runController(Object(App\Controllers\Red))
#3 C:\xampp\htdocs\red\system\CodeIgniter.php(326): CodeIgniter\CodeIgniter->handleRequest(NULL, Object(Config\Cache), false)
#4 C:\xampp\htdocs\red\index.php(37): CodeIgniter\CodeIgniter->run()
#5 {main}
CRITICAL - 2022-05-27 10:42:02 --> Call to undefined method CodeIgniter\Database\SQLSRV\Builder::getResultArray()
#0 C:\xampp\htdocs\red\app\Controllers\Red.php(14): App\Models\RedModel->getTest()
#1 C:\xampp\htdocs\red\system\CodeIgniter.php(832): App\Controllers\Red->index()
#2 C:\xampp\htdocs\red\system\CodeIgniter.php(419): CodeIgniter\CodeIgniter->runController(Object(App\Controllers\Red))
#3 C:\xampp\htdocs\red\system\CodeIgniter.php(326): CodeIgniter\CodeIgniter->handleRequest(NULL, Object(Config\Cache), false)
#4 C:\xampp\htdocs\red\index.php(37): CodeIgniter\CodeIgniter->run()
#5 {main}
CRITICAL - 2022-05-27 10:43:01 --> syntax error, unexpected '->' (T_OBJECT_OPERATOR)
#0 C:\xampp\htdocs\red\system\Autoloader\Autoloader.php(241): CodeIgniter\Autoloader\Autoloader->includeFile('C:\\xampp\\htdocs...')
#1 C:\xampp\htdocs\red\system\Autoloader\Autoloader.php(219): CodeIgniter\Autoloader\Autoloader->loadInNamespace('App\\Models\\RedM...')
#2 [internal function]: CodeIgniter\Autoloader\Autoloader->loadClass('App\\Models\\RedM...')
#3 C:\xampp\htdocs\red\app\Controllers\Red.php(13): spl_autoload_call('App\\Models\\RedM...')
#4 C:\xampp\htdocs\red\system\CodeIgniter.php(832): App\Controllers\Red->index()
#5 C:\xampp\htdocs\red\system\CodeIgniter.php(419): CodeIgniter\CodeIgniter->runController(Object(App\Controllers\Red))
#6 C:\xampp\htdocs\red\system\CodeIgniter.php(326): CodeIgniter\CodeIgniter->handleRequest(NULL, Object(Config\Cache), false)
#7 C:\xampp\htdocs\red\index.php(37): CodeIgniter\CodeIgniter->run()
#8 {main}
CRITICAL - 2022-05-27 10:43:38 --> Undefined variable: db
#0 C:\xampp\htdocs\red\app\Models\RedModel.php(20): CodeIgniter\Debug\Exceptions->errorHandler(8, 'Undefined varia...', 'C:\\xampp\\htdocs...', 20, Array)
#1 C:\xampp\htdocs\red\app\Controllers\Red.php(14): App\Models\RedModel->getTest()
#2 C:\xampp\htdocs\red\system\CodeIgniter.php(832): App\Controllers\Red->index()
#3 C:\xampp\htdocs\red\system\CodeIgniter.php(419): CodeIgniter\CodeIgniter->runController(Object(App\Controllers\Red))
#4 C:\xampp\htdocs\red\system\CodeIgniter.php(326): CodeIgniter\CodeIgniter->handleRequest(NULL, Object(Config\Cache), false)
#5 C:\xampp\htdocs\red\index.php(37): CodeIgniter\CodeIgniter->run()
#6 {main}
ERROR - 2022-05-27 12:05:50 --> Error connecting to the database: Login failed for user 'PortalBI'.
CRITICAL - 2022-05-27 12:05:50 --> Unable to connect to the database.
Main connection [SQLsrv]: Login failed for user 'PortalBI'.
#0 C:\xampp\htdocs\red\system\Database\BaseConnection.php(577): CodeIgniter\Database\BaseConnection->initialize()
#1 C:\xampp\htdocs\red\app\Models\RedModel.php(33): CodeIgniter\Database\BaseConnection->query('SELECT * FROM d...')
#2 C:\xampp\htdocs\red\app\Controllers\Red.php(14): App\Models\RedModel->getDepartamentos()
#3 C:\xampp\htdocs\red\system\CodeIgniter.php(832): App\Controllers\Red->index()
#4 C:\xampp\htdocs\red\system\CodeIgniter.php(419): CodeIgniter\CodeIgniter->runController(Object(App\Controllers\Red))
#5 C:\xampp\htdocs\red\system\CodeIgniter.php(326): CodeIgniter\CodeIgniter->handleRequest(NULL, Object(Config\Cache), false)
#6 C:\xampp\htdocs\red\index.php(37): CodeIgniter\CodeIgniter->run()
#7 {main}
ERROR - 2022-05-27 12:06:00 --> Error connecting to the database: Login failed for user 'PortalBI'.
CRITICAL - 2022-05-27 12:06:00 --> Unable to connect to the database.
Main connection [SQLsrv]: Login failed for user 'PortalBI'.
#0 C:\xampp\htdocs\red\system\Database\BaseConnection.php(577): CodeIgniter\Database\BaseConnection->initialize()
#1 C:\xampp\htdocs\red\app\Models\RedModel.php(33): CodeIgniter\Database\BaseConnection->query('SELECT * FROM d...')
#2 C:\xampp\htdocs\red\app\Controllers\Red.php(14): App\Models\RedModel->getDepartamentos()
#3 C:\xampp\htdocs\red\system\CodeIgniter.php(832): App\Controllers\Red->index()
#4 C:\xampp\htdocs\red\system\CodeIgniter.php(419): CodeIgniter\CodeIgniter->runController(Object(App\Controllers\Red))
#5 C:\xampp\htdocs\red\system\CodeIgniter.php(326): CodeIgniter\CodeIgniter->handleRequest(NULL, Object(Config\Cache), false)
#6 C:\xampp\htdocs\red\index.php(37): CodeIgniter\CodeIgniter->run()
#7 {main}
ERROR - 2022-05-27 16:38:39 --> [Microsoft][ODBC Driver 17 for SQL Server][SQL Server]Incorrect syntax near the keyword 'FROM'.
CRITICAL - 2022-05-27 16:38:39 --> [Microsoft][ODBC Driver 17 for SQL Server][SQL Server]Incorrect syntax near the keyword 'FROM'.
#0 C:\xampp\htdocs\red\system\Database\BaseConnection.php(670): CodeIgniter\Database\SQLSRV\Connection->execute('SELECT  FROM db...')
#1 C:\xampp\htdocs\red\system\Database\BaseConnection.php(598): CodeIgniter\Database\BaseConnection->simpleQuery('SELECT  FROM db...')
#2 C:\xampp\htdocs\red\app\Models\RedModel.php(33): CodeIgniter\Database\BaseConnection->query('SELECT  FROM db...')
#3 C:\xampp\htdocs\red\app\Controllers\Red.php(14): App\Models\RedModel->getDepartamentos()
#4 C:\xampp\htdocs\red\system\CodeIgniter.php(832): App\Controllers\Red->index()
#5 C:\xampp\htdocs\red\system\CodeIgniter.php(419): CodeIgniter\CodeIgniter->runController(Object(App\Controllers\Red))
#6 C:\xampp\htdocs\red\system\CodeIgniter.php(326): CodeIgniter\CodeIgniter->handleRequest(NULL, Object(Config\Cache), false)
#7 C:\xampp\htdocs\red\index.php(37): CodeIgniter\CodeIgniter->run()
#8 {main}
ERROR - 2022-05-27 16:39:17 --> [Microsoft][ODBC Driver 17 for SQL Server][SQL Server]Incorrect syntax near the keyword 'FROM'.
CRITICAL - 2022-05-27 16:39:17 --> [Microsoft][ODBC Driver 17 for SQL Server][SQL Server]Incorrect syntax near the keyword 'FROM'.
#0 C:\xampp\htdocs\red\system\Database\BaseConnection.php(670): CodeIgniter\Database\SQLSRV\Connection->execute('SELECT  FROM db...')
#1 C:\xampp\htdocs\red\system\Database\BaseConnection.php(598): CodeIgniter\Database\BaseConnection->simpleQuery('SELECT  FROM db...')
#2 C:\xampp\htdocs\red\app\Models\RedModel.php(33): CodeIgniter\Database\BaseConnection->query('SELECT  FROM db...')
#3 C:\xampp\htdocs\red\app\Controllers\Red.php(14): App\Models\RedModel->getDepartamentos()
#4 C:\xampp\htdocs\red\system\CodeIgniter.php(832): App\Controllers\Red->index()
#5 C:\xampp\htdocs\red\system\CodeIgniter.php(419): CodeIgniter\CodeIgniter->runController(Object(App\Controllers\Red))
#6 C:\xampp\htdocs\red\system\CodeIgniter.php(326): CodeIgniter\CodeIgniter->handleRequest(NULL, Object(Config\Cache), false)
#7 C:\xampp\htdocs\red\index.php(37): CodeIgniter\CodeIgniter->run()
#8 {main}
ERROR - 2022-05-27 16:39:26 --> [Microsoft][ODBC Driver 17 for SQL Server][SQL Server]Incorrect syntax near the keyword 'FROM'.
CRITICAL - 2022-05-27 16:39:26 --> [Microsoft][ODBC Driver 17 for SQL Server][SQL Server]Incorrect syntax near the keyword 'FROM'.
#0 C:\xampp\htdocs\red\system\Database\BaseConnection.php(670): CodeIgniter\Database\SQLSRV\Connection->execute('SELECT  FROM db...')
#1 C:\xampp\htdocs\red\system\Database\BaseConnection.php(598): CodeIgniter\Database\BaseConnection->simpleQuery('SELECT  FROM db...')
#2 C:\xampp\htdocs\red\app\Models\RedModel.php(33): CodeIgniter\Database\BaseConnection->query('SELECT  FROM db...')
#3 C:\xampp\htdocs\red\app\Controllers\Red.php(14): App\Models\RedModel->getDepartamentos()
#4 C:\xampp\htdocs\red\system\CodeIgniter.php(832): App\Controllers\Red->index()
#5 C:\xampp\htdocs\red\system\CodeIgniter.php(419): CodeIgniter\CodeIgniter->runController(Object(App\Controllers\Red))
#6 C:\xampp\htdocs\red\system\CodeIgniter.php(326): CodeIgniter\CodeIgniter->handleRequest(NULL, Object(Config\Cache), false)
#7 C:\xampp\htdocs\red\index.php(37): CodeIgniter\CodeIgniter->run()
#8 {main}
ERROR - 2022-05-27 16:39:33 --> [Microsoft][ODBC Driver 17 for SQL Server][SQL Server]Incorrect syntax near the keyword 'FROM'.
CRITICAL - 2022-05-27 16:39:34 --> [Microsoft][ODBC Driver 17 for SQL Server][SQL Server]Incorrect syntax near the keyword 'FROM'.
#0 C:\xampp\htdocs\red\system\Database\BaseConnection.php(670): CodeIgniter\Database\SQLSRV\Connection->execute('SELECT  FROM db...')
#1 C:\xampp\htdocs\red\system\Database\BaseConnection.php(598): CodeIgniter\Database\BaseConnection->simpleQuery('SELECT  FROM db...')
#2 C:\xampp\htdocs\red\app\Models\RedModel.php(33): CodeIgniter\Database\BaseConnection->query('SELECT  FROM db...')
#3 C:\xampp\htdocs\red\app\Controllers\Red.php(14): App\Models\RedModel->getDepartamentos()
#4 C:\xampp\htdocs\red\system\CodeIgniter.php(832): App\Controllers\Red->index()
#5 C:\xampp\htdocs\red\system\CodeIgniter.php(419): CodeIgniter\CodeIgniter->runController(Object(App\Controllers\Red))
#6 C:\xampp\htdocs\red\system\CodeIgniter.php(326): CodeIgniter\CodeIgniter->handleRequest(NULL, Object(Config\Cache), false)
#7 C:\xampp\htdocs\red\index.php(37): CodeIgniter\CodeIgniter->run()
#8 {main}
CRITICAL - 2022-05-27 16:50:59 --> Undefined variable: variable
#0 C:\xampp\htdocs\red\app\Views\red\home.php(40): CodeIgniter\Debug\Exceptions->errorHandler(8, 'Undefined varia...', 'C:\\xampp\\htdocs...', 40, Array)
#1 C:\xampp\htdocs\red\system\View\View.php(210): include('C:\\xampp\\htdocs...')
#2 C:\xampp\htdocs\red\system\View\View.php(213): CodeIgniter\View\View->CodeIgniter\View\{closure}()
#3 C:\xampp\htdocs\red\system\Common.php(1089): CodeIgniter\View\View->render('red/home', Array, true)
#4 C:\xampp\htdocs\red\app\Controllers\Red.php(15): view('red/home', Array)
#5 C:\xampp\htdocs\red\system\CodeIgniter.php(832): App\Controllers\Red->index()
#6 C:\xampp\htdocs\red\system\CodeIgniter.php(419): CodeIgniter\CodeIgniter->runController(Object(App\Controllers\Red))
#7 C:\xampp\htdocs\red\system\CodeIgniter.php(326): CodeIgniter\CodeIgniter->handleRequest(NULL, Object(Config\Cache), false)
#8 C:\xampp\htdocs\red\index.php(37): CodeIgniter\CodeIgniter->run()
#9 {main}
CRITICAL - 2022-05-27 16:51:33 --> Undefined variable: variable
#0 C:\xampp\htdocs\red\app\Views\red\home.php(40): CodeIgniter\Debug\Exceptions->errorHandler(8, 'Undefined varia...', 'C:\\xampp\\htdocs...', 40, Array)
#1 C:\xampp\htdocs\red\system\View\View.php(210): include('C:\\xampp\\htdocs...')
#2 C:\xampp\htdocs\red\system\View\View.php(213): CodeIgniter\View\View->CodeIgniter\View\{closure}()
#3 C:\xampp\htdocs\red\system\Common.php(1089): CodeIgniter\View\View->render('red/home', Array, true)
#4 C:\xampp\htdocs\red\app\Controllers\Red.php(15): view('red/home', Array)
#5 C:\xampp\htdocs\red\system\CodeIgniter.php(832): App\Controllers\Red->index()
#6 C:\xampp\htdocs\red\system\CodeIgniter.php(419): CodeIgniter\CodeIgniter->runController(Object(App\Controllers\Red))
#7 C:\xampp\htdocs\red\system\CodeIgniter.php(326): CodeIgniter\CodeIgniter->handleRequest(NULL, Object(Config\Cache), false)
#8 C:\xampp\htdocs\red\index.php(37): CodeIgniter\CodeIgniter->run()
#9 {main}
