CRITICAL - 2023-03-10 19:00:28 --> Array to string conversion
#0 C:\xampp\htdocs\prueba_usuarios\app\Controllers\Users.php(46): CodeIgniter\Debug\Exceptions->errorHandler(8, 'Array to string...', 'C:\\xampp\\htdocs...', 46, Array)
#1 C:\xampp\htdocs\prueba_usuarios\system\CodeIgniter.php(832): App\Controllers\Users->searchUserData()
#2 C:\xampp\htdocs\prueba_usuarios\system\CodeIgniter.php(419): CodeIgniter\CodeIgniter->runController(Object(App\Controllers\Users))
#3 C:\xampp\htdocs\prueba_usuarios\system\CodeIgniter.php(326): CodeIgniter\CodeIgniter->handleRequest(NULL, Object(Config\Cache), false)
#4 C:\xampp\htdocs\prueba_usuarios\index.php(37): CodeIgniter\CodeIgniter->run()
#5 {main}
CRITICAL - 2023-03-10 22:23:10 --> Undefined variable: i
#0 C:\xampp\htdocs\prueba_usuarios\app\Controllers\Users.php(41): CodeIgniter\Debug\Exceptions->errorHandler(8, 'Undefined varia...', 'C:\\xampp\\htdocs...', 41, Array)
#1 C:\xampp\htdocs\prueba_usuarios\system\CodeIgniter.php(832): App\Controllers\Users->searchUsers()
#2 C:\xampp\htdocs\prueba_usuarios\system\CodeIgniter.php(419): CodeIgniter\CodeIgniter->runController(Object(App\Controllers\Users))
#3 C:\xampp\htdocs\prueba_usuarios\system\CodeIgniter.php(326): CodeIgniter\CodeIgniter->handleRequest(NULL, Object(Config\Cache), false)
#4 C:\xampp\htdocs\prueba_usuarios\index.php(37): CodeIgniter\CodeIgniter->run()
#5 {main}
CRITICAL - 2023-03-10 22:23:21 --> Undefined variable: i
#0 C:\xampp\htdocs\prueba_usuarios\app\Controllers\Users.php(41): CodeIgniter\Debug\Exceptions->errorHandler(8, 'Undefined varia...', 'C:\\xampp\\htdocs...', 41, Array)
#1 C:\xampp\htdocs\prueba_usuarios\system\CodeIgniter.php(832): App\Controllers\Users->searchUsers()
#2 C:\xampp\htdocs\prueba_usuarios\system\CodeIgniter.php(419): CodeIgniter\CodeIgniter->runController(Object(App\Controllers\Users))
#3 C:\xampp\htdocs\prueba_usuarios\system\CodeIgniter.php(326): CodeIgniter\CodeIgniter->handleRequest(NULL, Object(Config\Cache), false)
#4 C:\xampp\htdocs\prueba_usuarios\index.php(37): CodeIgniter\CodeIgniter->run()
#5 {main}
CRITICAL - 2023-03-10 22:23:32 --> Illegal string offset 'items'
#0 C:\xampp\htdocs\prueba_usuarios\app\Controllers\Users.php(42): CodeIgniter\Debug\Exceptions->errorHandler(2, 'Illegal string ...', 'C:\\xampp\\htdocs...', 42, Array)
#1 C:\xampp\htdocs\prueba_usuarios\system\CodeIgniter.php(832): App\Controllers\Users->searchUsers()
#2 C:\xampp\htdocs\prueba_usuarios\system\CodeIgniter.php(419): CodeIgniter\CodeIgniter->runController(Object(App\Controllers\Users))
#3 C:\xampp\htdocs\prueba_usuarios\system\CodeIgniter.php(326): CodeIgniter\CodeIgniter->handleRequest(NULL, Object(Config\Cache), false)
#4 C:\xampp\htdocs\prueba_usuarios\index.php(37): CodeIgniter\CodeIgniter->run()
#5 {main}
CRITICAL - 2023-03-10 22:28:20 --> Undefined index: InputUser
#0 C:\xampp\htdocs\prueba_usuarios\app\Controllers\Users.php(50): CodeIgniter\Debug\Exceptions->errorHandler(8, 'Undefined index...', 'C:\\xampp\\htdocs...', 50, Array)
#1 C:\xampp\htdocs\prueba_usuarios\system\CodeIgniter.php(832): App\Controllers\Users->searchUserData()
#2 C:\xampp\htdocs\prueba_usuarios\system\CodeIgniter.php(419): CodeIgniter\CodeIgniter->runController(Object(App\Controllers\Users))
#3 C:\xampp\htdocs\prueba_usuarios\system\CodeIgniter.php(326): CodeIgniter\CodeIgniter->handleRequest(NULL, Object(Config\Cache), false)
#4 C:\xampp\htdocs\prueba_usuarios\index.php(37): CodeIgniter\CodeIgniter->run()
#5 {main}
CRITICAL - 2023-03-10 22:28:26 --> Undefined index: InputUser
#0 C:\xampp\htdocs\prueba_usuarios\app\Controllers\Users.php(50): CodeIgniter\Debug\Exceptions->errorHandler(8, 'Undefined index...', 'C:\\xampp\\htdocs...', 50, Array)
#1 C:\xampp\htdocs\prueba_usuarios\system\CodeIgniter.php(832): App\Controllers\Users->searchUserData()
#2 C:\xampp\htdocs\prueba_usuarios\system\CodeIgniter.php(419): CodeIgniter\CodeIgniter->runController(Object(App\Controllers\Users))
#3 C:\xampp\htdocs\prueba_usuarios\system\CodeIgniter.php(326): CodeIgniter\CodeIgniter->handleRequest(NULL, Object(Config\Cache), false)
#4 C:\xampp\htdocs\prueba_usuarios\index.php(37): CodeIgniter\CodeIgniter->run()
#5 {main}
CRITICAL - 2023-03-10 22:28:31 --> Undefined index: InputUser
#0 C:\xampp\htdocs\prueba_usuarios\app\Controllers\Users.php(50): CodeIgniter\Debug\Exceptions->errorHandler(8, 'Undefined index...', 'C:\\xampp\\htdocs...', 50, Array)
#1 C:\xampp\htdocs\prueba_usuarios\system\CodeIgniter.php(832): App\Controllers\Users->searchUserData()
#2 C:\xampp\htdocs\prueba_usuarios\system\CodeIgniter.php(419): CodeIgniter\CodeIgniter->runController(Object(App\Controllers\Users))
#3 C:\xampp\htdocs\prueba_usuarios\system\CodeIgniter.php(326): CodeIgniter\CodeIgniter->handleRequest(NULL, Object(Config\Cache), false)
#4 C:\xampp\htdocs\prueba_usuarios\index.php(37): CodeIgniter\CodeIgniter->run()
#5 {main}
CRITICAL - 2023-03-10 22:34:23 --> json_decode() expects parameter 1 to be string, array given
#0 [internal function]: CodeIgniter\Debug\Exceptions->errorHandler(2, 'json_decode() e...', 'C:\\xampp\\htdocs...', 59, Array)
#1 C:\xampp\htdocs\prueba_usuarios\app\Controllers\Users.php(59): json_decode(Array, true)
#2 C:\xampp\htdocs\prueba_usuarios\system\CodeIgniter.php(832): App\Controllers\Users->searchUserData()
#3 C:\xampp\htdocs\prueba_usuarios\system\CodeIgniter.php(419): CodeIgniter\CodeIgniter->runController(Object(App\Controllers\Users))
#4 C:\xampp\htdocs\prueba_usuarios\system\CodeIgniter.php(326): CodeIgniter\CodeIgniter->handleRequest(NULL, Object(Config\Cache), false)
#5 C:\xampp\htdocs\prueba_usuarios\index.php(37): CodeIgniter\CodeIgniter->run()
#6 {main}
