CRITICAL - 2022-06-07 09:22:56 --> syntax error, unexpected '}', expecting ',' or ';'
#0 C:\xampp\htdocs\red\system\Autoloader\Autoloader.php(241): CodeIgniter\Autoloader\Autoloader->includeFile('C:\\xampp\\htdocs...')
#1 C:\xampp\htdocs\red\system\Autoloader\Autoloader.php(219): CodeIgniter\Autoloader\Autoloader->loadInNamespace('Config\\Validati...')
#2 [internal function]: CodeIgniter\Autoloader\Autoloader->loadClass('Config\\Validati...')
#3 [internal function]: spl_autoload_call('Config\\Validati...')
#4 C:\xampp\htdocs\red\system\Config\Factories.php(136): class_exists('Config\\Validati...')
#5 C:\xampp\htdocs\red\system\Config\Factories.php(106): CodeIgniter\Config\Factories::locateClass(Array, 'Validation')
#6 C:\xampp\htdocs\red\system\Common.php(198): CodeIgniter\Config\Factories::__callStatic('config', Array)
#7 C:\xampp\htdocs\red\system\Config\Services.php(656): config('Validation')
#8 C:\xampp\htdocs\red\system\Config\BaseService.php(248): CodeIgniter\Config\Services::validation(NULL, false)
#9 C:\xampp\htdocs\red\system\BaseModel.php(298): CodeIgniter\Config\BaseService::__callStatic('validation', Array)
#10 C:\xampp\htdocs\red\system\Model.php(101): CodeIgniter\BaseModel->__construct(NULL)
#11 C:\xampp\htdocs\red\app\Models\RedModel.php(12): CodeIgniter\Model->__construct()
#12 C:\xampp\htdocs\red\app\Controllers\Red.php(13): App\Models\RedModel->__construct()
#13 C:\xampp\htdocs\red\system\CodeIgniter.php(832): App\Controllers\Red->index()
#14 C:\xampp\htdocs\red\system\CodeIgniter.php(419): CodeIgniter\CodeIgniter->runController(Object(App\Controllers\Red))
#15 C:\xampp\htdocs\red\system\CodeIgniter.php(326): CodeIgniter\CodeIgniter->handleRequest(NULL, Object(Config\Cache), false)
#16 C:\xampp\htdocs\red\index.php(37): CodeIgniter\CodeIgniter->run()
#17 {main}
CRITICAL - 2022-06-07 09:29:06 --> Call to undefined function App\Controllers\withInput()
#0 C:\xampp\htdocs\red\system\CodeIgniter.php(832): App\Controllers\Red->ConsultaRed()
#1 C:\xampp\htdocs\red\system\CodeIgniter.php(419): CodeIgniter\CodeIgniter->runController(Object(App\Controllers\Red))
#2 C:\xampp\htdocs\red\system\CodeIgniter.php(326): CodeIgniter\CodeIgniter->handleRequest(NULL, Object(Config\Cache), false)
#3 C:\xampp\htdocs\red\index.php(37): CodeIgniter\CodeIgniter->run()
#4 {main}
CRITICAL - 2022-06-07 09:29:07 --> Call to undefined function App\Controllers\withInput()
#0 C:\xampp\htdocs\red\system\CodeIgniter.php(832): App\Controllers\Red->ConsultaRed()
#1 C:\xampp\htdocs\red\system\CodeIgniter.php(419): CodeIgniter\CodeIgniter->runController(Object(App\Controllers\Red))
#2 C:\xampp\htdocs\red\system\CodeIgniter.php(326): CodeIgniter\CodeIgniter->handleRequest(NULL, Object(Config\Cache), false)
#3 C:\xampp\htdocs\red\index.php(37): CodeIgniter\CodeIgniter->run()
#4 {main}
CRITICAL - 2022-06-07 09:29:07 --> Call to undefined function App\Controllers\withInput()
#0 C:\xampp\htdocs\red\system\CodeIgniter.php(832): App\Controllers\Red->ConsultaRed()
#1 C:\xampp\htdocs\red\system\CodeIgniter.php(419): CodeIgniter\CodeIgniter->runController(Object(App\Controllers\Red))
#2 C:\xampp\htdocs\red\system\CodeIgniter.php(326): CodeIgniter\CodeIgniter->handleRequest(NULL, Object(Config\Cache), false)
#3 C:\xampp\htdocs\red\index.php(37): CodeIgniter\CodeIgniter->run()
#4 {main}
CRITICAL - 2022-06-07 09:29:07 --> Call to undefined function App\Controllers\withInput()
#0 C:\xampp\htdocs\red\system\CodeIgniter.php(832): App\Controllers\Red->ConsultaRed()
#1 C:\xampp\htdocs\red\system\CodeIgniter.php(419): CodeIgniter\CodeIgniter->runController(Object(App\Controllers\Red))
#2 C:\xampp\htdocs\red\system\CodeIgniter.php(326): CodeIgniter\CodeIgniter->handleRequest(NULL, Object(Config\Cache), false)
#3 C:\xampp\htdocs\red\index.php(37): CodeIgniter\CodeIgniter->run()
#4 {main}
CRITICAL - 2022-06-07 09:29:07 --> Call to undefined function App\Controllers\withInput()
#0 C:\xampp\htdocs\red\system\CodeIgniter.php(832): App\Controllers\Red->ConsultaRed()
#1 C:\xampp\htdocs\red\system\CodeIgniter.php(419): CodeIgniter\CodeIgniter->runController(Object(App\Controllers\Red))
#2 C:\xampp\htdocs\red\system\CodeIgniter.php(326): CodeIgniter\CodeIgniter->handleRequest(NULL, Object(Config\Cache), false)
#3 C:\xampp\htdocs\red\index.php(37): CodeIgniter\CodeIgniter->run()
#4 {main}
CRITICAL - 2022-06-07 09:29:07 --> Call to undefined function App\Controllers\withInput()
#0 C:\xampp\htdocs\red\system\CodeIgniter.php(832): App\Controllers\Red->ConsultaRed()
#1 C:\xampp\htdocs\red\system\CodeIgniter.php(419): CodeIgniter\CodeIgniter->runController(Object(App\Controllers\Red))
#2 C:\xampp\htdocs\red\system\CodeIgniter.php(326): CodeIgniter\CodeIgniter->handleRequest(NULL, Object(Config\Cache), false)
#3 C:\xampp\htdocs\red\index.php(37): CodeIgniter\CodeIgniter->run()
#4 {main}
CRITICAL - 2022-06-07 09:29:08 --> Call to undefined function App\Controllers\withInput()
#0 C:\xampp\htdocs\red\system\CodeIgniter.php(832): App\Controllers\Red->ConsultaRed()
#1 C:\xampp\htdocs\red\system\CodeIgniter.php(419): CodeIgniter\CodeIgniter->runController(Object(App\Controllers\Red))
#2 C:\xampp\htdocs\red\system\CodeIgniter.php(326): CodeIgniter\CodeIgniter->handleRequest(NULL, Object(Config\Cache), false)
#3 C:\xampp\htdocs\red\index.php(37): CodeIgniter\CodeIgniter->run()
#4 {main}
CRITICAL - 2022-06-07 09:29:08 --> Call to undefined function App\Controllers\withInput()
#0 C:\xampp\htdocs\red\system\CodeIgniter.php(832): App\Controllers\Red->ConsultaRed()
#1 C:\xampp\htdocs\red\system\CodeIgniter.php(419): CodeIgniter\CodeIgniter->runController(Object(App\Controllers\Red))
#2 C:\xampp\htdocs\red\system\CodeIgniter.php(326): CodeIgniter\CodeIgniter->handleRequest(NULL, Object(Config\Cache), false)
#3 C:\xampp\htdocs\red\index.php(37): CodeIgniter\CodeIgniter->run()
#4 {main}
CRITICAL - 2022-06-07 09:29:08 --> Call to undefined function App\Controllers\withInput()
#0 C:\xampp\htdocs\red\system\CodeIgniter.php(832): App\Controllers\Red->ConsultaRed()
#1 C:\xampp\htdocs\red\system\CodeIgniter.php(419): CodeIgniter\CodeIgniter->runController(Object(App\Controllers\Red))
#2 C:\xampp\htdocs\red\system\CodeIgniter.php(326): CodeIgniter\CodeIgniter->handleRequest(NULL, Object(Config\Cache), false)
#3 C:\xampp\htdocs\red\index.php(37): CodeIgniter\CodeIgniter->run()
#4 {main}
CRITICAL - 2022-06-07 09:29:11 --> Call to undefined function App\Controllers\withInput()
#0 C:\xampp\htdocs\red\system\CodeIgniter.php(832): App\Controllers\Red->ConsultaRed()
#1 C:\xampp\htdocs\red\system\CodeIgniter.php(419): CodeIgniter\CodeIgniter->runController(Object(App\Controllers\Red))
#2 C:\xampp\htdocs\red\system\CodeIgniter.php(326): CodeIgniter\CodeIgniter->handleRequest(NULL, Object(Config\Cache), false)
#3 C:\xampp\htdocs\red\index.php(37): CodeIgniter\CodeIgniter->run()
#4 {main}
CRITICAL - 2022-06-07 09:29:12 --> Call to undefined function App\Controllers\withInput()
#0 C:\xampp\htdocs\red\system\CodeIgniter.php(832): App\Controllers\Red->ConsultaRed()
#1 C:\xampp\htdocs\red\system\CodeIgniter.php(419): CodeIgniter\CodeIgniter->runController(Object(App\Controllers\Red))
#2 C:\xampp\htdocs\red\system\CodeIgniter.php(326): CodeIgniter\CodeIgniter->handleRequest(NULL, Object(Config\Cache), false)
#3 C:\xampp\htdocs\red\index.php(37): CodeIgniter\CodeIgniter->run()
#4 {main}
CRITICAL - 2022-06-07 09:29:12 --> Call to undefined function App\Controllers\withInput()
#0 C:\xampp\htdocs\red\system\CodeIgniter.php(832): App\Controllers\Red->ConsultaRed()
#1 C:\xampp\htdocs\red\system\CodeIgniter.php(419): CodeIgniter\CodeIgniter->runController(Object(App\Controllers\Red))
#2 C:\xampp\htdocs\red\system\CodeIgniter.php(326): CodeIgniter\CodeIgniter->handleRequest(NULL, Object(Config\Cache), false)
#3 C:\xampp\htdocs\red\index.php(37): CodeIgniter\CodeIgniter->run()
#4 {main}
CRITICAL - 2022-06-07 09:29:12 --> Call to undefined function App\Controllers\withInput()
#0 C:\xampp\htdocs\red\system\CodeIgniter.php(832): App\Controllers\Red->ConsultaRed()
#1 C:\xampp\htdocs\red\system\CodeIgniter.php(419): CodeIgniter\CodeIgniter->runController(Object(App\Controllers\Red))
#2 C:\xampp\htdocs\red\system\CodeIgniter.php(326): CodeIgniter\CodeIgniter->handleRequest(NULL, Object(Config\Cache), false)
#3 C:\xampp\htdocs\red\index.php(37): CodeIgniter\CodeIgniter->run()
#4 {main}
CRITICAL - 2022-06-07 09:29:12 --> Call to undefined function App\Controllers\withInput()
#0 C:\xampp\htdocs\red\system\CodeIgniter.php(832): App\Controllers\Red->ConsultaRed()
#1 C:\xampp\htdocs\red\system\CodeIgniter.php(419): CodeIgniter\CodeIgniter->runController(Object(App\Controllers\Red))
#2 C:\xampp\htdocs\red\system\CodeIgniter.php(326): CodeIgniter\CodeIgniter->handleRequest(NULL, Object(Config\Cache), false)
#3 C:\xampp\htdocs\red\index.php(37): CodeIgniter\CodeIgniter->run()
#4 {main}
CRITICAL - 2022-06-07 09:29:12 --> Call to undefined function App\Controllers\withInput()
#0 C:\xampp\htdocs\red\system\CodeIgniter.php(832): App\Controllers\Red->ConsultaRed()
#1 C:\xampp\htdocs\red\system\CodeIgniter.php(419): CodeIgniter\CodeIgniter->runController(Object(App\Controllers\Red))
#2 C:\xampp\htdocs\red\system\CodeIgniter.php(326): CodeIgniter\CodeIgniter->handleRequest(NULL, Object(Config\Cache), false)
#3 C:\xampp\htdocs\red\index.php(37): CodeIgniter\CodeIgniter->run()
#4 {main}
CRITICAL - 2022-06-07 11:19:16 --> syntax error, unexpected '$data' (T_VARIABLE), expecting ')'
#0 C:\xampp\htdocs\red\system\Autoloader\Autoloader.php(241): CodeIgniter\Autoloader\Autoloader->includeFile('C:\\xampp\\htdocs...')
#1 C:\xampp\htdocs\red\system\Autoloader\Autoloader.php(219): CodeIgniter\Autoloader\Autoloader->loadInNamespace('App\\Models\\RedM...')
#2 [internal function]: CodeIgniter\Autoloader\Autoloader->loadClass('App\\Models\\RedM...')
#3 C:\xampp\htdocs\red\app\Controllers\Red.php(25): spl_autoload_call('App\\Models\\RedM...')
#4 C:\xampp\htdocs\red\system\CodeIgniter.php(832): App\Controllers\Red->filtraMunicipios()
#5 C:\xampp\htdocs\red\system\CodeIgniter.php(419): CodeIgniter\CodeIgniter->runController(Object(App\Controllers\Red))
#6 C:\xampp\htdocs\red\system\CodeIgniter.php(326): CodeIgniter\CodeIgniter->handleRequest(NULL, Object(Config\Cache), false)
#7 C:\xampp\htdocs\red\index.php(37): CodeIgniter\CodeIgniter->run()
#8 {main}
CRITICAL - 2022-06-07 11:20:46 --> Undefined index: servicio
#0 C:\xampp\htdocs\red\app\Models\RedModel.php(80): CodeIgniter\Debug\Exceptions->errorHandler(8, 'Undefined index...', 'C:\\xampp\\htdocs...', 80, Array)
#1 C:\xampp\htdocs\red\app\Controllers\Red.php(37): App\Models\RedModel->getIpsred(Array)
#2 C:\xampp\htdocs\red\system\CodeIgniter.php(832): App\Controllers\Red->ConsultaRed()
#3 C:\xampp\htdocs\red\system\CodeIgniter.php(419): CodeIgniter\CodeIgniter->runController(Object(App\Controllers\Red))
#4 C:\xampp\htdocs\red\system\CodeIgniter.php(326): CodeIgniter\CodeIgniter->handleRequest(NULL, Object(Config\Cache), false)
#5 C:\xampp\htdocs\red\index.php(37): CodeIgniter\CodeIgniter->run()
#6 {main}
CRITICAL - 2022-06-07 11:21:12 --> Call to undefined method CodeIgniter\Database\SQLSRV\Connection::last_query()
#0 C:\xampp\htdocs\red\app\Controllers\Red.php(37): App\Models\RedModel->getIpsred(Array)
#1 C:\xampp\htdocs\red\system\CodeIgniter.php(832): App\Controllers\Red->ConsultaRed()
#2 C:\xampp\htdocs\red\system\CodeIgniter.php(419): CodeIgniter\CodeIgniter->runController(Object(App\Controllers\Red))
#3 C:\xampp\htdocs\red\system\CodeIgniter.php(326): CodeIgniter\CodeIgniter->handleRequest(NULL, Object(Config\Cache), false)
#4 C:\xampp\htdocs\red\index.php(37): CodeIgniter\CodeIgniter->run()
#5 {main}
CRITICAL - 2022-06-07 11:22:13 --> Call to undefined method CodeIgniter\Database\SQLSRV\Builder::last_query()
#0 C:\xampp\htdocs\red\app\Controllers\Red.php(37): App\Models\RedModel->getIpsred(Array)
#1 C:\xampp\htdocs\red\system\CodeIgniter.php(832): App\Controllers\Red->ConsultaRed()
#2 C:\xampp\htdocs\red\system\CodeIgniter.php(419): CodeIgniter\CodeIgniter->runController(Object(App\Controllers\Red))
#3 C:\xampp\htdocs\red\system\CodeIgniter.php(326): CodeIgniter\CodeIgniter->handleRequest(NULL, Object(Config\Cache), false)
#4 C:\xampp\htdocs\red\index.php(37): CodeIgniter\CodeIgniter->run()
#5 {main}
CRITICAL - 2022-06-07 11:23:41 --> Call to undefined method CodeIgniter\Database\SQLSRV\Connection::last_query()
#0 C:\xampp\htdocs\red\app\Controllers\Red.php(37): App\Models\RedModel->getIpsred(Array)
#1 C:\xampp\htdocs\red\system\CodeIgniter.php(832): App\Controllers\Red->ConsultaRed()
#2 C:\xampp\htdocs\red\system\CodeIgniter.php(419): CodeIgniter\CodeIgniter->runController(Object(App\Controllers\Red))
#3 C:\xampp\htdocs\red\system\CodeIgniter.php(326): CodeIgniter\CodeIgniter->handleRequest(NULL, Object(Config\Cache), false)
#4 C:\xampp\htdocs\red\index.php(37): CodeIgniter\CodeIgniter->run()
#5 {main}
CRITICAL - 2022-06-07 11:25:18 --> Call to undefined method CodeIgniter\Database\SQLSRV\Builder::getLastQuery()
#0 C:\xampp\htdocs\red\app\Controllers\Red.php(37): App\Models\RedModel->getIpsred(Array)
#1 C:\xampp\htdocs\red\system\CodeIgniter.php(832): App\Controllers\Red->ConsultaRed()
#2 C:\xampp\htdocs\red\system\CodeIgniter.php(419): CodeIgniter\CodeIgniter->runController(Object(App\Controllers\Red))
#3 C:\xampp\htdocs\red\system\CodeIgniter.php(326): CodeIgniter\CodeIgniter->handleRequest(NULL, Object(Config\Cache), false)
#4 C:\xampp\htdocs\red\index.php(37): CodeIgniter\CodeIgniter->run()
#5 {main}
CRITICAL - 2022-06-07 11:25:22 --> Call to undefined method CodeIgniter\Database\SQLSRV\Builder::getLastQuery()
#0 C:\xampp\htdocs\red\app\Controllers\Red.php(37): App\Models\RedModel->getIpsred(Array)
#1 C:\xampp\htdocs\red\system\CodeIgniter.php(832): App\Controllers\Red->ConsultaRed()
#2 C:\xampp\htdocs\red\system\CodeIgniter.php(419): CodeIgniter\CodeIgniter->runController(Object(App\Controllers\Red))
#3 C:\xampp\htdocs\red\system\CodeIgniter.php(326): CodeIgniter\CodeIgniter->handleRequest(NULL, Object(Config\Cache), false)
#4 C:\xampp\htdocs\red\index.php(37): CodeIgniter\CodeIgniter->run()
#5 {main}
CRITICAL - 2022-06-07 11:25:37 --> Call to undefined method CodeIgniter\Database\SQLSRV\Result::getLastQuery()
#0 C:\xampp\htdocs\red\app\Controllers\Red.php(37): App\Models\RedModel->getIpsred(Array)
#1 C:\xampp\htdocs\red\system\CodeIgniter.php(832): App\Controllers\Red->ConsultaRed()
#2 C:\xampp\htdocs\red\system\CodeIgniter.php(419): CodeIgniter\CodeIgniter->runController(Object(App\Controllers\Red))
#3 C:\xampp\htdocs\red\system\CodeIgniter.php(326): CodeIgniter\CodeIgniter->handleRequest(NULL, Object(Config\Cache), false)
#4 C:\xampp\htdocs\red\index.php(37): CodeIgniter\CodeIgniter->run()
#5 {main}
CRITICAL - 2022-06-07 11:31:55 --> syntax error, unexpected '->' (T_OBJECT_OPERATOR)
#0 C:\xampp\htdocs\red\system\Autoloader\Autoloader.php(241): CodeIgniter\Autoloader\Autoloader->includeFile('C:\\xampp\\htdocs...')
#1 C:\xampp\htdocs\red\system\Autoloader\Autoloader.php(219): CodeIgniter\Autoloader\Autoloader->loadInNamespace('App\\Models\\RedM...')
#2 [internal function]: CodeIgniter\Autoloader\Autoloader->loadClass('App\\Models\\RedM...')
#3 C:\xampp\htdocs\red\app\Controllers\Red.php(35): spl_autoload_call('App\\Models\\RedM...')
#4 C:\xampp\htdocs\red\system\CodeIgniter.php(832): App\Controllers\Red->ConsultaRed()
#5 C:\xampp\htdocs\red\system\CodeIgniter.php(419): CodeIgniter\CodeIgniter->runController(Object(App\Controllers\Red))
#6 C:\xampp\htdocs\red\system\CodeIgniter.php(326): CodeIgniter\CodeIgniter->handleRequest(NULL, Object(Config\Cache), false)
#7 C:\xampp\htdocs\red\index.php(37): CodeIgniter\CodeIgniter->run()
#8 {main}
CRITICAL - 2022-06-07 17:01:29 --> Undefined variable: builder
#0 C:\xampp\htdocs\red\app\Models\RedModel.php(87): CodeIgniter\Debug\Exceptions->errorHandler(8, 'Undefined varia...', 'C:\\xampp\\htdocs...', 87, Array)
#1 C:\xampp\htdocs\red\app\Controllers\Red.php(37): App\Models\RedModel->getIpsred(Array)
#2 C:\xampp\htdocs\red\system\CodeIgniter.php(832): App\Controllers\Red->ConsultaRed()
#3 C:\xampp\htdocs\red\system\CodeIgniter.php(419): CodeIgniter\CodeIgniter->runController(Object(App\Controllers\Red))
#4 C:\xampp\htdocs\red\system\CodeIgniter.php(326): CodeIgniter\CodeIgniter->handleRequest(NULL, Object(Config\Cache), false)
#5 C:\xampp\htdocs\red\index.php(37): CodeIgniter\CodeIgniter->run()
#6 {main}
CRITICAL - 2022-06-07 17:01:30 --> Undefined variable: builder
#0 C:\xampp\htdocs\red\app\Models\RedModel.php(87): CodeIgniter\Debug\Exceptions->errorHandler(8, 'Undefined varia...', 'C:\\xampp\\htdocs...', 87, Array)
#1 C:\xampp\htdocs\red\app\Controllers\Red.php(37): App\Models\RedModel->getIpsred(Array)
#2 C:\xampp\htdocs\red\system\CodeIgniter.php(832): App\Controllers\Red->ConsultaRed()
#3 C:\xampp\htdocs\red\system\CodeIgniter.php(419): CodeIgniter\CodeIgniter->runController(Object(App\Controllers\Red))
#4 C:\xampp\htdocs\red\system\CodeIgniter.php(326): CodeIgniter\CodeIgniter->handleRequest(NULL, Object(Config\Cache), false)
#5 C:\xampp\htdocs\red\index.php(37): CodeIgniter\CodeIgniter->run()
#6 {main}
CRITICAL - 2022-06-07 17:01:31 --> Undefined variable: builder
#0 C:\xampp\htdocs\red\app\Models\RedModel.php(87): CodeIgniter\Debug\Exceptions->errorHandler(8, 'Undefined varia...', 'C:\\xampp\\htdocs...', 87, Array)
#1 C:\xampp\htdocs\red\app\Controllers\Red.php(37): App\Models\RedModel->getIpsred(Array)
#2 C:\xampp\htdocs\red\system\CodeIgniter.php(832): App\Controllers\Red->ConsultaRed()
#3 C:\xampp\htdocs\red\system\CodeIgniter.php(419): CodeIgniter\CodeIgniter->runController(Object(App\Controllers\Red))
#4 C:\xampp\htdocs\red\system\CodeIgniter.php(326): CodeIgniter\CodeIgniter->handleRequest(NULL, Object(Config\Cache), false)
#5 C:\xampp\htdocs\red\index.php(37): CodeIgniter\CodeIgniter->run()
#6 {main}
CRITICAL - 2022-06-07 17:01:31 --> Undefined variable: builder
#0 C:\xampp\htdocs\red\app\Models\RedModel.php(87): CodeIgniter\Debug\Exceptions->errorHandler(8, 'Undefined varia...', 'C:\\xampp\\htdocs...', 87, Array)
#1 C:\xampp\htdocs\red\app\Controllers\Red.php(37): App\Models\RedModel->getIpsred(Array)
#2 C:\xampp\htdocs\red\system\CodeIgniter.php(832): App\Controllers\Red->ConsultaRed()
#3 C:\xampp\htdocs\red\system\CodeIgniter.php(419): CodeIgniter\CodeIgniter->runController(Object(App\Controllers\Red))
#4 C:\xampp\htdocs\red\system\CodeIgniter.php(326): CodeIgniter\CodeIgniter->handleRequest(NULL, Object(Config\Cache), false)
#5 C:\xampp\htdocs\red\index.php(37): CodeIgniter\CodeIgniter->run()
#6 {main}
CRITICAL - 2022-06-07 17:01:31 --> Undefined variable: builder
#0 C:\xampp\htdocs\red\app\Models\RedModel.php(87): CodeIgniter\Debug\Exceptions->errorHandler(8, 'Undefined varia...', 'C:\\xampp\\htdocs...', 87, Array)
#1 C:\xampp\htdocs\red\app\Controllers\Red.php(37): App\Models\RedModel->getIpsred(Array)
#2 C:\xampp\htdocs\red\system\CodeIgniter.php(832): App\Controllers\Red->ConsultaRed()
#3 C:\xampp\htdocs\red\system\CodeIgniter.php(419): CodeIgniter\CodeIgniter->runController(Object(App\Controllers\Red))
#4 C:\xampp\htdocs\red\system\CodeIgniter.php(326): CodeIgniter\CodeIgniter->handleRequest(NULL, Object(Config\Cache), false)
#5 C:\xampp\htdocs\red\index.php(37): CodeIgniter\CodeIgniter->run()
#6 {main}
CRITICAL - 2022-06-07 17:01:31 --> Undefined variable: builder
#0 C:\xampp\htdocs\red\app\Models\RedModel.php(87): CodeIgniter\Debug\Exceptions->errorHandler(8, 'Undefined varia...', 'C:\\xampp\\htdocs...', 87, Array)
#1 C:\xampp\htdocs\red\app\Controllers\Red.php(37): App\Models\RedModel->getIpsred(Array)
#2 C:\xampp\htdocs\red\system\CodeIgniter.php(832): App\Controllers\Red->ConsultaRed()
#3 C:\xampp\htdocs\red\system\CodeIgniter.php(419): CodeIgniter\CodeIgniter->runController(Object(App\Controllers\Red))
#4 C:\xampp\htdocs\red\system\CodeIgniter.php(326): CodeIgniter\CodeIgniter->handleRequest(NULL, Object(Config\Cache), false)
#5 C:\xampp\htdocs\red\index.php(37): CodeIgniter\CodeIgniter->run()
#6 {main}
CRITICAL - 2022-06-07 17:01:34 --> Undefined variable: builder
#0 C:\xampp\htdocs\red\app\Models\RedModel.php(87): CodeIgniter\Debug\Exceptions->errorHandler(8, 'Undefined varia...', 'C:\\xampp\\htdocs...', 87, Array)
#1 C:\xampp\htdocs\red\app\Controllers\Red.php(37): App\Models\RedModel->getIpsred(Array)
#2 C:\xampp\htdocs\red\system\CodeIgniter.php(832): App\Controllers\Red->ConsultaRed()
#3 C:\xampp\htdocs\red\system\CodeIgniter.php(419): CodeIgniter\CodeIgniter->runController(Object(App\Controllers\Red))
#4 C:\xampp\htdocs\red\system\CodeIgniter.php(326): CodeIgniter\CodeIgniter->handleRequest(NULL, Object(Config\Cache), false)
#5 C:\xampp\htdocs\red\index.php(37): CodeIgniter\CodeIgniter->run()
#6 {main}
